#
# A fatal error has been detected by the Java Runtime Environment:
#
#  SIGSEGV (0xb) at pc=0x00007f886d266777, pid=10258, tid=10269
#
# JRE version: OpenJDK Runtime Environment (16.0.1+9) (build 16.0.1+9-24)
# Java VM: OpenJDK 64-Bit Server VM (16.0.1+9-24, mixed mode, sharing, tiered, compressed oops, compressed class ptrs, parallel gc, linux-amd64)
# Problematic frame:
# V  [libjvm.so+0xc34777]
#
# Core dump will be written. Default location: Core dumps may be processed with "/usr/lib/systemd/systemd-coredump %P %u %g %s %t %c %h" (or dumping to /home/silas/Coding/Java/Minecraft/CarpetGamerules/core.10258)
#
# If you would like to submit a bug report, please visit:
#   https://bugreport.java.com/bugreport/crash.jsp
#

---------------  S U M M A R Y ------------

Command Line: --add-modules=ALL-SYSTEM --add-opens=java.base/java.util=ALL-UNNAMED --add-opens=java.base/java.lang=ALL-UNNAMED -Declipse.application=org.eclipse.jdt.ls.core.id1 -Dosgi.bundles.defaultStartLevel=4 -Declipse.product=org.eclipse.jdt.ls.core.product -Dfile.encoding=utf8 -XX:+UseParallelGC -XX:GCTimeRatio=4 -XX:AdaptiveSizePolicyWeight=90 -Dsun.zip.disableMemoryMapping=true -Xmx1G -Xms100m /home/silas/.vscode/extensions/redhat.java-0.80.0/server/plugins/org.eclipse.equinox.launcher_1.6.200.v20210416-2027.jar -configuration /home/silas/.config/Code/User/globalStorage/redhat.java/0.80.0/config_linux -data /home/silas/.config/Code/User/workspaceStorage/c75bcd68149238b151d090ae23dadabb/redhat.java/jdt_ws

Host: AMD Ryzen 3 2200G with Radeon Vega Graphics, 4 cores, 23G, Arch Linux
Time: Thu Jul 15 13:03:15 2021 CEST elapsed time: 6172.594026 seconds (0d 1h 42m 52s)

---------------  T H R E A D  ---------------

Current thread (0x00007f886803a830):  GCTaskThread "GC Thread#0" [stack: 0x00007f886c0ad000,0x00007f886c1ad000] [id=10269]

Stack: [0x00007f886c0ad000,0x00007f886c1ad000],  sp=0x00007f886c1abbb0,  free space=1018k
Native frames: (J=compiled Java code, A=aot compiled Java code, j=interpreted, Vv=VM code, C=native code)
V  [libjvm.so+0xc34777]
V  [libjvm.so+0xc4a739]
V  [libjvm.so+0xe2eb6f]
V  [libjvm.so+0xd816cd]
V  [libjvm.so+0xbd86d7]


siginfo: si_signo: 11 (SIGSEGV), si_code: 1 (SEGV_MAPERR), si_addr: 0x0000000e5a919b08

Register to memory mapping:

RAX=0x0000000000000001 is an unknown value
RBX=0x00007f8868061870 points into unknown readable memory: 0x0000000000000000 | 00 00 00 00 00 00 00 00
RCX=0x0000000000000003 is an unknown value
RDX=0x0 is NULL
RSP=0x00007f886c1abbb0 points into unknown readable memory: 0x00007f886803a830 | 30 a8 03 68 88 7f 00 00
RBP=0x00007f886c1abc90 points into unknown readable memory: 0x00007f886c1abd60 | 60 bd 1a 6c 88 7f 00 00
RSI=0x00007f886d7f6120: <offset 0x00000000011c4120> in /usr/lib/jvm/java-16-openjdk/lib/server/libjvm.so at 0x00007f886c632000
RDI=0x0000000e5a919b00 is an unknown value
R8 =0x00000000cb522060 is an oop: [Ljava.lang.String; 
{0x00000000cb522060} - klass: 'java/lang/String'[]
 - length: 1
R9 =0x000000000000435b is an unknown value
R10=0x00000000cb522070 is pointing into object: [Ljava.lang.String; 
{0x00000000cb522060} - klass: 'java/lang/String'[]
 - length: 1
R11=0x00007f886d7f6ac8: <offset 0x00000000011c4ac8> in /usr/lib/jvm/java-16-openjdk/lib/server/libjvm.so at 0x00007f886c632000
R12=0x0 is NULL
R13=0x00000000cb522074 is pointing into object: [Ljava.lang.String; 
{0x00000000cb522060} - klass: 'java/lang/String'[]
 - length: 1
R14=0x00007f886d83b856: <offset 0x0000000001209856> in /usr/lib/jvm/java-16-openjdk/lib/server/libjvm.so at 0x00007f886c632000
R15=0x00000000cb523078 is pointing into object: com.google.gson.internal.LinkedTreeMap$Node 
{0x00000000cb523058} - klass: 'com/google/gson/internal/LinkedTreeMap$Node'


Registers:
RAX=0x0000000000000001, RBX=0x00007f8868061870, RCX=0x0000000000000003, RDX=0x0000000000000000
RSP=0x00007f886c1abbb0, RBP=0x00007f886c1abc90, RSI=0x00007f886d7f6120, RDI=0x0000000e5a919b00
R8 =0x00000000cb522060, R9 =0x000000000000435b, R10=0x00000000cb522070, R11=0x00007f886d7f6ac8
R12=0x0000000000000000, R13=0x00000000cb522074, R14=0x00007f886d83b856, R15=0x00000000cb523078
RIP=0x00007f886d266777, EFLAGS=0x0000000000010206, CSGSFS=0x002b000000000033, ERR=0x0000000000000004
  TRAPNO=0x000000000000000e

Top of Stack: (sp=0x00007f886c1abbb0)
0x00007f886c1abbb0:   00007f886803a830 00000000cb522058
0x00007f886c1abbc0:   0000000000000200 01007f885167d000
0x00007f886c1abbd0:   00000000d340f210 0000000000000008
0x00007f886c1abbe0:   00007f8868104500 0000000000000000 

Instructions: (pc=0x00007f886d266777)
0x00007f886d266677:   d3 4e 00 48 89 45 b0 48 63 42 0c ff 14 c1 e9 56
0x00007f886d266687:   fc ff ff 66 0f 1f 44 00 00 49 8b 50 08 81 7a 08
0x00007f886d266697:   00 00 00 c0 7d af 3c 01 48 8d 15 b1 51 5d 00 48
0x00007f886d2666a7:   19 c9 83 e1 08 3c 01 48 19 c0 83 e0 04 80 3a 00
0x00007f886d2666b7:   49 63 54 00 0c 0f 84 7e 01 00 00 48 81 fa 00 08
0x00007f886d2666c7:   00 00 b8 00 08 00 00 4d 8d 54 08 10 48 0f 46 c2
0x00007f886d2666d7:   4d 8d 2c 82 48 39 c2 0f 87 0c 04 00 00 4d 39 ea
0x00007f886d2666e7:   72 14 e9 f2 fb ff ff 66 90 49 83 c2 04 4d 39 d5
0x00007f886d2666f7:   0f 86 e3 fb ff ff 45 8b 3a 45 85 ff 74 eb 48 8d
0x00007f886d266707:   05 24 fa 58 00 48 8b 15 cd fb 5e 00 8b 48 08 49
0x00007f886d266717:   d3 e7 4c 03 38 4c 89 f9 48 2b 0a 48 89 c8 48 8d
0x00007f886d266727:   0d 9c 03 59 00 48 c1 e8 03 8b 09 48 d3 e8 48 89
0x00007f886d266737:   c1 48 89 c6 48 8b 42 10 ba 01 00 00 00 83 e1 3f
0x00007f886d266747:   48 c1 ee 06 48 d3 e2 48 23 14 f0 49 89 d4 75 99
0x00007f886d266757:   41 0f b6 06 84 c0 0f 84 dd 02 00 00 48 8d 35 b6
0x00007f886d266767:   f9 58 00 41 8b 7f 08 8b 4e 08 48 d3 e7 48 03 3e
0x00007f886d266777:   8b 4f 08 85 c9 0f 8e 76 02 00 00 f6 c1 01 74 1a
0x00007f886d266787:   48 8b 07 48 8d 35 ff 9a 8c ff 48 8b 80 f0 00 00
0x00007f886d266797:   00 48 39 f0 0f 85 e9 05 00 00 c1 f9 03 4c 63 e1
0x00007f886d2667a7:   48 8d 3d 52 fc 5e 00 4c 89 e2 4c 89 fe 4c 89 95
0x00007f886d2667b7:   28 ff ff ff e8 b0 d0 fb ff 4c 8b 95 28 ff ff ff
0x00007f886d2667c7:   84 c0 0f 84 21 ff ff ff 48 8d 3d ea fb 5e 00 4c
0x00007f886d2667d7:   89 e2 4c 89 fe e8 2f bf 00 00 8b 83 88 00 00 00
0x00007f886d2667e7:   8b 8b 08 01 00 00 4c 8b 95 28 ff ff ff 89 c2 29
0x00007f886d2667f7:   ca 81 e2 ff ff 01 00 81 fa fd ff 01 00 0f 86 86
0x00007f886d266807:   07 00 00 48 8b 83 a8 02 00 00 48 3b 83 90 02 00
0x00007f886d266817:   00 0f 84 11 0a 00 00 48 8b 93 c0 02 00 00 48 8d
0x00007f886d266827:   14 c2 48 83 c0 01 4c 89 3a 48 89 83 a8 02 00 00
0x00007f886d266837:   e9 b4 fe ff ff 0f 1f 40 00 48 81 fa 00 08 00 00
0x00007f886d266847:   b8 00 08 00 00 4d 8d 7c 08 10 48 0f 46 c2 4d 8d
0x00007f886d266857:   2c c7 48 39 c2 0f 87 1e 02 00 00 4d 39 ef 72 16
0x00007f886d266867:   e9 74 fa ff ff 0f 1f 40 00 49 83 c7 08 4d 39 fd 


Stack slot to memory mapping:
stack at sp + 0 slots: 0x00007f886803a830 points into unknown readable memory: 0x00007f886d7f0128 | 28 01 7f 6d 88 7f 00 00
stack at sp + 1 slots: 0x00000000cb522058 is pointing into object: [[Ljava.lang.String; 
{0x00000000cb522048} - klass: 'java/lang/String'[][]
 - length: 1
stack at sp + 2 slots: 0x0000000000000200 is an unknown value
stack at sp + 3 slots: 0x01007f885167d000 is an unknown value
stack at sp + 4 slots: 0x00000000d340f210 is an oop: org.eclipse.jdt.internal.core.JavaProject 
{0x00000000d340f210} - klass: 'org/eclipse/jdt/internal/core/JavaProject'
stack at sp + 5 slots: 0x0000000000000008 is an unknown value
stack at sp + 6 slots: 0x00007f8868104500 points into unknown readable memory: 0x00007f886d7ee118 | 18 e1 7e 6d 88 7f 00 00
stack at sp + 7 slots: 0x0 is NULL


---------------  P R O C E S S  ---------------

Threads class SMR info:
_java_thread_list=0x00007f87d40900b0, length=32, elements={
0x00007f8868022850, 0x00007f886810c9a0, 0x00007f886810df50, 0x00007f8868118000,
0x00007f8868119520, 0x00007f886811aa10, 0x00007f886811c4c0, 0x00007f886811daf0,
0x00007f886811f060, 0x00007f88681431b0, 0x00007f8868188e90, 0x00007f8868266000,
0x00007f88683b3b40, 0x00007f886833a280, 0x00007f8868408d70, 0x00007f8808030000,
0x00007f880820b7b0, 0x00007f880813e660, 0x00007f88088a43a0, 0x00007f8868469650,
0x00007f88684e6050, 0x00007f87d40dc0e0, 0x00007f87d40eba90, 0x00007f87d415c470,
0x00007f87d41635b0, 0x00007f882c00b8b0, 0x00007f87dc3c0c60, 0x00007f87cc2131e0,
0x00007f88140037a0, 0x00007f87d8004290, 0x00007f881401f5c0, 0x00007f8830b1fa50
}

Java Threads: ( => current thread )
  0x00007f8868022850 JavaThread "main" [_thread_blocked, id=10260, stack(0x00007f886c3ed000,0x00007f886c4ee000)]
  0x00007f886810c9a0 JavaThread "Reference Handler" daemon [_thread_blocked, id=10271, stack(0x00007f885009f000,0x00007f88501a0000)]
  0x00007f886810df50 JavaThread "Finalizer" daemon [_thread_blocked, id=10272, stack(0x00007f88496ff000,0x00007f8849800000)]
  0x00007f8868118000 JavaThread "Signal Dispatcher" daemon [_thread_blocked, id=10273, stack(0x00007f8849317000,0x00007f8849418000)]
  0x00007f8868119520 JavaThread "Service Thread" daemon [_thread_blocked, id=10275, stack(0x00007f8849216000,0x00007f8849317000)]
  0x00007f886811aa10 JavaThread "Monitor Deflation Thread" daemon [_thread_blocked, id=10276, stack(0x00007f8849115000,0x00007f8849216000)]
  0x00007f886811c4c0 JavaThread "C2 CompilerThread0" daemon [_thread_in_native, id=10277, stack(0x00007f8849014000,0x00007f8849115000)]
  0x00007f886811daf0 JavaThread "C1 CompilerThread0" daemon [_thread_blocked, id=10278, stack(0x00007f8848f13000,0x00007f8849014000)]
  0x00007f886811f060 JavaThread "Sweeper thread" daemon [_thread_blocked, id=10279, stack(0x00007f8848e12000,0x00007f8848f13000)]
  0x00007f88681431b0 JavaThread "Common-Cleaner" daemon [_thread_blocked, id=10280, stack(0x00007f8848d11000,0x00007f8848e12000)]
  0x00007f8868188e90 JavaThread "Notification Thread" daemon [_thread_blocked, id=10283, stack(0x00007f8848c10000,0x00007f8848d11000)]
  0x00007f8868266000 JavaThread "process reaper" daemon [_thread_in_native, id=10288, stack(0x00007f886c008000,0x00007f886c02a000)]
  0x00007f88683b3b40 JavaThread "Active Thread: Equinox Container: 09b572a6-84e8-4692-9f4d-4da49977c9c3" [_thread_blocked, id=10291, stack(0x00007f884890c000,0x00007f8848a0d000)]
  0x00007f886833a280 JavaThread "Framework Event Dispatcher: Equinox Container: 09b572a6-84e8-4692-9f4d-4da49977c9c3" daemon [_thread_blocked, id=10293, stack(0x00007f884880b000,0x00007f884890c000)]
  0x00007f8868408d70 JavaThread "Start Level: Equinox Container: 09b572a6-84e8-4692-9f4d-4da49977c9c3" daemon [_thread_blocked, id=10294, stack(0x00007f884870a000,0x00007f884880b000)]
  0x00007f8808030000 JavaThread "SCR Component Actor" daemon [_thread_blocked, id=10300, stack(0x00007f88480f2000,0x00007f88481f3000)]
  0x00007f880820b7b0 JavaThread "Worker-JM" [_thread_blocked, id=10319, stack(0x00007f87f35fe000,0x00007f87f36ff000)]
  0x00007f880813e660 JavaThread "Java indexing" daemon [_thread_blocked, id=10325, stack(0x00007f8848a0d000,0x00007f8848b0e000)]
  0x00007f88088a43a0 JavaThread "logback configurator timer" daemon [_thread_blocked, id=10327, stack(0x00007f87f31fa000,0x00007f87f32fb000)]
  0x00007f8868469650 JavaThread "pool-3-thread-1" [_thread_blocked, id=10328, stack(0x00007f87f30f9000,0x00007f87f31fa000)]
  0x00007f88684e6050 JavaThread "pool-2-thread-1" [_thread_in_native, id=10329, stack(0x00007f87f26ff000,0x00007f87f2800000)]
  0x00007f87d40dc0e0 JavaThread "Timer-1" [_thread_blocked, id=10341, stack(0x00007f87f10fd000,0x00007f87f11fe000)]
  0x00007f87d40eba90 JavaThread "Timer-2" [_thread_blocked, id=10343, stack(0x00007f87f06ff000,0x00007f87f0800000)]
  0x00007f87d415c470 JavaThread "Timer-3" [_thread_blocked, id=10437, stack(0x00007f87f00a2000,0x00007f87f01a3000)]
  0x00007f87d41635b0 JavaThread "Timer-4" [_thread_blocked, id=10440, stack(0x00007f87f05fe000,0x00007f87f06ff000)]
  0x00007f882c00b8b0 JavaThread "Bundle File Closer" daemon [_thread_blocked, id=10452, stack(0x00007f87f32fb000,0x00007f87f33fc000)]
  0x00007f87dc3c0c60 JavaThread "Worker-7" [_thread_blocked, id=13725, stack(0x00007f87f24fd000,0x00007f87f25fe000)]
  0x00007f87cc2131e0 JavaThread "ForkJoinPool.commonPool-worker-1" daemon [_thread_blocked, id=15136, stack(0x00007f87f25fe000,0x00007f87f26ff000)]
  0x00007f88140037a0 JavaThread "Worker-9" [_thread_blocked, id=15541, stack(0x00007f87d31fe000,0x00007f87d32ff000)]
  0x00007f87d8004290 JavaThread "process reaper" daemon [_thread_blocked, id=17353, stack(0x00007f8848055000,0x00007f8848077000)]
  0x00007f881401f5c0 JavaThread "Worker-10: Java indexing... " [_thread_blocked, id=18059, stack(0x00007f87d30fd000,0x00007f87d31fe000)]
  0x00007f8830b1fa50 JavaThread "C2 CompilerThread1" daemon [_thread_blocked, id=18061, stack(0x00007f87d3ce9000,0x00007f87d3dea000)]

Other Threads:
  0x00007f8868108be0 VMThread "VM Thread" [stack: 0x00007f88501a2000,0x00007f88502a2000] [id=10270]
  0x00007f886818a950 WatcherThread [stack: 0x00007f8848b10000,0x00007f8848c10000] [id=10284]
=>0x00007f886803a830 GCTaskThread "GC Thread#0" [stack: 0x00007f886c0ad000,0x00007f886c1ad000] [id=10269]
  0x00007f8844001250 GCTaskThread "GC Thread#1" [stack: 0x00007f88483f9000,0x00007f88484f9000] [id=10295]
  0x00007f8844001da0 GCTaskThread "GC Thread#2" [stack: 0x00007f88482f7000,0x00007f88483f7000] [id=10296]
  0x00007f88440028f0 GCTaskThread "GC Thread#3" [stack: 0x00007f88481f5000,0x00007f88482f5000] [id=10297]

Threads with active compile tasks:
C2 CompilerThread0  6172606 11950       4       org.eclipse.jdt.internal.compiler.lookup.LookupEnvironment::getTypeFromTypeSignature (770 bytes)
C2 CompilerThread1  6172606 11990       4       java.util.stream.StreamSpliterators$WrappingSpliterator::tryAdvance (36 bytes)

VM state: at safepoint (normal execution)

VM Mutex/Monitor currently owned by a thread:  ([mutex/lock_event])
[0x00007f886801f5b0] Threads_lock - owner thread: 0x00007f8868108be0
[0x00007f886801fd40] Heap_lock - owner thread: 0x00007f880813e660

Heap address: 0x00000000c0000000, size: 1024 MB, Compressed Oops mode: 32-bit

CDS archive(s) mapped at: [0x0000000800000000-0x0000000800bc1000-0x0000000800bc1000), size 12324864, SharedBaseAddress: 0x0000000800000000, ArchiveRelocationMode: 0.
Compressed class space mapped at: 0x0000000800c00000-0x0000000840c00000, reserved size: 1073741824
Narrow klass base: 0x0000000800000000, Narrow klass shift: 3, Narrow klass range: 0x100000000

GC Precious Log:
 CPUs: 4 total, 4 available
 Memory: 24052M
 Large Page Support: Disabled
 NUMA Support: Disabled
 Compressed Oops: Enabled (32-bit)
 Alignments: Space 512K, Generation 512K, Heap 2M
 Heap Min Capacity: 100M
 Heap Initial Capacity: 100M
 Heap Max Capacity: 1G
 Pre-touch: Disabled
 Parallel Workers: 4

Heap:
 PSYoungGen      total 45568K, used 5615K [0x00000000eab00000, 0x00000000ef000000, 0x0000000100000000)
  eden space 39936K, 0% used [0x00000000eab00000,0x00000000eab00000,0x00000000ed200000)
  from space 5632K, 99% used [0x00000000edf00000,0x00000000ee47bc88,0x00000000ee480000)
  to   space 13312K, 0% used [0x00000000ed200000,0x00000000ed200000,0x00000000edf00000)
 ParOldGen       total 325120K, used 321987K [0x00000000c0000000, 0x00000000d3d80000, 0x00000000eab00000)
  object space 325120K, 99% used [0x00000000c0000000,0x00000000d3a70ff0,0x00000000d3d80000)
 Metaspace       used 76289K, committed 77312K, reserved 1122304K
  class space    used 8734K, committed 9216K, reserved 1048576K

Card table byte_map: [0x00007f88515e3000,0x00007f88517e4000] _byte_map_base: 0x00007f8850fe3000

Marking Bits: (ParMarkBitMap*) 0x00007f886d856400
 Begin Bits: [0x00007f884a000000, 0x00007f884b000000)
 End Bits:   [0x00007f884b000000, 0x00007f884c000000)

Polling page: 0x00007f886daa4000

Metaspace:

Usage:
  Non-class:     65.97 MB used.
      Class:      8.53 MB used.
       Both:     74.50 MB used.

Virtual space:
  Non-class space:       72.00 MB reserved,      66.50 MB ( 92%) committed,  9 nodes.
      Class space:        1.00 GB reserved,       9.00 MB ( <1%) committed,  1 nodes.
              Both:        1.07 GB reserved,      75.50 MB (  7%) committed. 

Chunk freelists:
   Non-Class:  1.19 MB
       Class:  3.02 MB
        Both:  4.20 MB

MaxMetaspaceSize: 17179869184.00 GB
CompressedClassSpaceSize: 1.00 GB
 - commit_granule_bytes: 65536.
 - commit_granule_words: 8192.
 - virtual_space_node_default_size: 1048576.
 - enlarge_chunks_in_place: 1.
 - new_chunks_are_fully_committed: 0.
 - uncommit_free_chunks: 1.
 - use_allocation_guard: 0.
 - handle_deallocations: 1.


Internal statistics:

num_allocs_failed_limit: 6.
num_arena_births: 702.
num_arena_deaths: 0.
num_vsnodes_births: 10.
num_vsnodes_deaths: 0.
num_space_committed: 1208.
num_space_uncommitted: 0.
num_chunks_returned_to_freelist: 6.
num_chunks_taken_from_freelist: 3735.
num_chunk_merges: 6.
num_chunk_splits: 2499.
num_chunks_enlarged: 1631.
num_purges: 0.

CodeHeap 'non-profiled nmethods': size=120032Kb used=7399Kb max_used=7399Kb free=112632Kb
 bounds [0x00007f88592ac000, 0x00007f88599ec000, 0x00007f88607e4000]
CodeHeap 'profiled nmethods': size=120028Kb used=20697Kb max_used=20697Kb free=99330Kb
 bounds [0x00007f8851d75000, 0x00007f88531b5000, 0x00007f88592ac000]
CodeHeap 'non-nmethods': size=5700Kb used=1411Kb max_used=1477Kb free=4288Kb
 bounds [0x00007f88517e4000, 0x00007f8851a54000, 0x00007f8851d75000]
 total_blobs=10042 nmethods=9285 adapters=669
 compilation: enabled
              stopped_count=0, restarted_count=0
 full_count=0

Compilation events (20 events):
Event: 6172.493 Thread 0x00007f886811daf0 nmethod 11981 0x00007f88531ad690 code [0x00007f88531ad960, 0x00007f88531ae700]
Event: 6172.493 Thread 0x00007f886811daf0 11983       3       jdk.nio.zipfs.ZipFileSystem::getPath (7 bytes)
Event: 6172.493 Thread 0x00007f886811daf0 nmethod 11983 0x00007f8852a09710 code [0x00007f8852a098c0, 0x00007f8852a09a00]
Event: 6172.493 Thread 0x00007f886811daf0 11984   !   3       org.eclipse.jdt.internal.core.search.matching.JavaSearchNameEnvironment::mapToClassPathLocation (250 bytes)
Event: 6172.493 Thread 0x00007f8830b1fa50 11985       4       org.eclipse.jdt.internal.core.builder.ClasspathJar::hashCode (22 bytes)
Event: 6172.495 Thread 0x00007f886811daf0 nmethod 11984 0x00007f88531aee10 code [0x00007f88531af220, 0x00007f88531b15d0]
Event: 6172.495 Thread 0x00007f886811daf0 11986       3       org.eclipse.core.internal.resources.LocationValidator::validateName (145 bytes)
Event: 6172.496 Thread 0x00007f886811daf0 nmethod 11986 0x00007f88531b2390 code [0x00007f88531b26c0, 0x00007f88531b3690]
Event: 6172.496 Thread 0x00007f886811daf0 11987       3       org.eclipse.jdt.internal.core.JarPackageFragmentRoot::getJar (11 bytes)
Event: 6172.496 Thread 0x00007f886811daf0 nmethod 11987 0x00007f8852a80910 code [0x00007f8852a80b20, 0x00007f8852a81480]
Event: 6172.497 Thread 0x00007f8830b1fa50 nmethod 11985 0x00007f88599e5190 code [0x00007f88599e5320, 0x00007f88599e5568]
Event: 6172.498 Thread 0x00007f8830b1fa50 11988       4       jdk.internal.perf.PerfCounter::addElapsedTimeFrom (10 bytes)
Event: 6172.500 Thread 0x00007f8830b1fa50 nmethod 11988 0x00007f88599e5710 code [0x00007f88599e58a0, 0x00007f88599e5b38]
Event: 6172.510 Thread 0x00007f886811daf0 11989       3       org.eclipse.jdt.internal.core.search.matching.JavaSearchNameEnvironment::addClassPathToModule (52 bytes)
Event: 6172.510 Thread 0x00007f886811daf0 nmethod 11989 0x00007f88531b3c90 code [0x00007f88531b3ec0, 0x00007f88531b4630]
Event: 6172.521 Thread 0x00007f8830b1fa50 11990       4       java.util.stream.StreamSpliterators$WrappingSpliterator::tryAdvance (36 bytes)
Event: 6172.521 Thread 0x00007f886811daf0 11991       3       java.util.LinkedHashMap$LinkedKeySet::iterator (12 bytes)
Event: 6172.521 Thread 0x00007f886811daf0 nmethod 11991 0x00007f8852a80290 code [0x00007f8852a80440, 0x00007f8852a80710]
Event: 6172.521 Thread 0x00007f886811daf0 11992       3       java.util.LinkedHashMap$LinkedKeyIterator::<init> (11 bytes)
Event: 6172.521 Thread 0x00007f886811daf0 nmethod 11992 0x00007f88529cf190 code [0x00007f88529cf340, 0x00007f88529cf550]

GC Heap History (20 events):
Event: 2277.679 GC heap after
{Heap after GC invocations=148 (full 11):
 PSYoungGen      total 57344K, used 8157K [0x00000000eab00000, 0x00000000eec00000, 0x0000000100000000)
  eden space 49152K, 0% used [0x00000000eab00000,0x00000000eab00000,0x00000000edb00000)
  from space 8192K, 99% used [0x00000000ee000000,0x00000000ee7f7638,0x00000000ee800000)
  to   space 4096K, 0% used [0x00000000ee800000,0x00000000ee800000,0x00000000eec00000)
 ParOldGen       total 325120K, used 297020K [0x00000000c0000000, 0x00000000d3d80000, 0x00000000eab00000)
  object space 325120K, 91% used [0x00000000c0000000,0x00000000d220f268,0x00000000d3d80000)
 Metaspace       used 73599K, committed 74688K, reserved 1122304K
  class space    used 8605K, committed 9088K, reserved 1048576K
}
Event: 2398.832 GC heap before
{Heap before GC invocations=149 (full 11):
 PSYoungGen      total 57344K, used 57179K [0x00000000eab00000, 0x00000000eec00000, 0x0000000100000000)
  eden space 49152K, 99% used [0x00000000eab00000,0x00000000edadf890,0x00000000edb00000)
  from space 8192K, 99% used [0x00000000ee000000,0x00000000ee7f7638,0x00000000ee800000)
  to   space 4096K, 0% used [0x00000000ee800000,0x00000000ee800000,0x00000000eec00000)
 ParOldGen       total 325120K, used 297020K [0x00000000c0000000, 0x00000000d3d80000, 0x00000000eab00000)
  object space 325120K, 91% used [0x00000000c0000000,0x00000000d220f268,0x00000000d3d80000)
 Metaspace       used 74152K, committed 75200K, reserved 1122304K
  class space    used 8635K, committed 9152K, reserved 1048576K
}
Event: 2398.843 GC heap after
{Heap after GC invocations=149 (full 11):
 PSYoungGen      total 52736K, used 4094K [0x00000000eab00000, 0x00000000ef380000, 0x0000000100000000)
  eden space 48640K, 0% used [0x00000000eab00000,0x00000000eab00000,0x00000000eda80000)
  from space 4096K, 99% used [0x00000000ee800000,0x00000000eebff910,0x00000000eec00000)
  to   space 12800K, 0% used [0x00000000eda80000,0x00000000eda80000,0x00000000ee700000)
 ParOldGen       total 325120K, used 304880K [0x00000000c0000000, 0x00000000d3d80000, 0x00000000eab00000)
  object space 325120K, 93% used [0x00000000c0000000,0x00000000d29bc098,0x00000000d3d80000)
 Metaspace       used 74152K, committed 75200K, reserved 1122304K
  class space    used 8635K, committed 9152K, reserved 1048576K
}
Event: 2810.087 GC heap before
{Heap before GC invocations=150 (full 11):
 PSYoungGen      total 52736K, used 52734K [0x00000000eab00000, 0x00000000ef380000, 0x0000000100000000)
  eden space 48640K, 100% used [0x00000000eab00000,0x00000000eda80000,0x00000000eda80000)
  from space 4096K, 99% used [0x00000000ee800000,0x00000000eebff910,0x00000000eec00000)
  to   space 12800K, 0% used [0x00000000eda80000,0x00000000eda80000,0x00000000ee700000)
 ParOldGen       total 325120K, used 304880K [0x00000000c0000000, 0x00000000d3d80000, 0x00000000eab00000)
  object space 325120K, 93% used [0x00000000c0000000,0x00000000d29bc098,0x00000000d3d80000)
 Metaspace       used 74351K, committed 75456K, reserved 1122304K
  class space    used 8637K, committed 9152K, reserved 1048576K
}
Event: 2810.094 GC heap after
{Heap after GC invocations=150 (full 11):
 PSYoungGen      total 49664K, used 1524K [0x00000000eab00000, 0x00000000ee880000, 0x0000000100000000)
  eden space 48128K, 0% used [0x00000000eab00000,0x00000000eab00000,0x00000000eda00000)
  from space 1536K, 99% used [0x00000000eda80000,0x00000000edbfd200,0x00000000edc00000)
  to   space 5632K, 0% used [0x00000000ee300000,0x00000000ee300000,0x00000000ee880000)
 ParOldGen       total 325120K, used 305288K [0x00000000c0000000, 0x00000000d3d80000, 0x00000000eab00000)
  object space 325120K, 93% used [0x00000000c0000000,0x00000000d2a22098,0x00000000d3d80000)
 Metaspace       used 74351K, committed 75456K, reserved 1122304K
  class space    used 8637K, committed 9152K, reserved 1048576K
}
Event: 3064.164 GC heap before
{Heap before GC invocations=151 (full 11):
 PSYoungGen      total 49664K, used 49645K [0x00000000eab00000, 0x00000000ee880000, 0x0000000100000000)
  eden space 48128K, 99% used [0x00000000eab00000,0x00000000ed9fe4d8,0x00000000eda00000)
  from space 1536K, 99% used [0x00000000eda80000,0x00000000edbfd200,0x00000000edc00000)
  to   space 5632K, 0% used [0x00000000ee300000,0x00000000ee300000,0x00000000ee880000)
 ParOldGen       total 325120K, used 305288K [0x00000000c0000000, 0x00000000d3d80000, 0x00000000eab00000)
  object space 325120K, 93% used [0x00000000c0000000,0x00000000d2a22098,0x00000000d3d80000)
 Metaspace       used 74609K, committed 75648K, reserved 1122304K
  class space    used 8637K, committed 9152K, reserved 1048576K
}
Event: 3064.172 GC heap after
{Heap after GC invocations=151 (full 11):
 PSYoungGen      total 50176K, used 2370K [0x00000000eab00000, 0x00000000ee580000, 0x0000000100000000)
  eden space 47616K, 0% used [0x00000000eab00000,0x00000000eab00000,0x00000000ed980000)
  from space 2560K, 92% used [0x00000000ee300000,0x00000000ee550ab8,0x00000000ee580000)
  to   space 3072K, 0% used [0x00000000edf80000,0x00000000edf80000,0x00000000ee280000)
 ParOldGen       total 325120K, used 305296K [0x00000000c0000000, 0x00000000d3d80000, 0x00000000eab00000)
  object space 325120K, 93% used [0x00000000c0000000,0x00000000d2a24098,0x00000000d3d80000)
 Metaspace       used 74609K, committed 75648K, reserved 1122304K
  class space    used 8637K, committed 9152K, reserved 1048576K
}
Event: 3321.066 GC heap before
{Heap before GC invocations=152 (full 11):
 PSYoungGen      total 50176K, used 48934K [0x00000000eab00000, 0x00000000ee580000, 0x0000000100000000)
  eden space 47616K, 97% used [0x00000000eab00000,0x00000000ed878ec8,0x00000000ed980000)
  from space 2560K, 92% used [0x00000000ee300000,0x00000000ee550ab8,0x00000000ee580000)
  to   space 3072K, 0% used [0x00000000edf80000,0x00000000edf80000,0x00000000ee280000)
 ParOldGen       total 325120K, used 305296K [0x00000000c0000000, 0x00000000d3d80000, 0x00000000eab00000)
  object space 325120K, 93% used [0x00000000c0000000,0x00000000d2a24098,0x00000000d3d80000)
 Metaspace       used 74758K, committed 75840K, reserved 1122304K
  class space    used 8638K, committed 9152K, reserved 1048576K
}
Event: 3321.073 GC heap after
{Heap after GC invocations=152 (full 11):
 PSYoungGen      total 50176K, used 3059K [0x00000000eab00000, 0x00000000ee400000, 0x0000000100000000)
  eden space 47104K, 0% used [0x00000000eab00000,0x00000000eab00000,0x00000000ed900000)
  from space 3072K, 99% used [0x00000000edf80000,0x00000000ee27cc60,0x00000000ee280000)
  to   space 1536K, 0% used [0x00000000ee280000,0x00000000ee280000,0x00000000ee400000)
 ParOldGen       total 325120K, used 307230K [0x00000000c0000000, 0x00000000d3d80000, 0x00000000eab00000)
  object space 325120K, 94% used [0x00000000c0000000,0x00000000d2c07b70,0x00000000d3d80000)
 Metaspace       used 74758K, committed 75840K, reserved 1122304K
  class space    used 8638K, committed 9152K, reserved 1048576K
}
Event: 3648.908 GC heap before
{Heap before GC invocations=153 (full 11):
 PSYoungGen      total 50176K, used 50163K [0x00000000eab00000, 0x00000000ee400000, 0x0000000100000000)
  eden space 47104K, 100% used [0x00000000eab00000,0x00000000ed900000,0x00000000ed900000)
  from space 3072K, 99% used [0x00000000edf80000,0x00000000ee27cc60,0x00000000ee280000)
  to   space 1536K, 0% used [0x00000000ee280000,0x00000000ee280000,0x00000000ee400000)
 ParOldGen       total 325120K, used 307230K [0x00000000c0000000, 0x00000000d3d80000, 0x00000000eab00000)
  object space 325120K, 94% used [0x00000000c0000000,0x00000000d2c07b70,0x00000000d3d80000)
 Metaspace       used 74952K, committed 76096K, reserved 1122304K
  class space    used 8640K, committed 9152K, reserved 1048576K
}
Event: 3648.926 GC heap after
{Heap after GC invocations=153 (full 11):
 PSYoungGen      total 47616K, used 1531K [0x00000000eab00000, 0x00000000eed80000, 0x0000000100000000)
  eden space 46080K, 0% used [0x00000000eab00000,0x00000000eab00000,0x00000000ed800000)
  from space 1536K, 99% used [0x00000000ee280000,0x00000000ee3fefd0,0x00000000ee400000)
  to   space 10752K, 0% used [0x00000000ed800000,0x00000000ed800000,0x00000000ee280000)
 ParOldGen       total 325120K, used 315415K [0x00000000c0000000, 0x00000000d3d80000, 0x00000000eab00000)
  object space 325120K, 97% used [0x00000000c0000000,0x00000000d3405d20,0x00000000d3d80000)
 Metaspace       used 74952K, committed 76096K, reserved 1122304K
  class space    used 8640K, committed 9152K, reserved 1048576K
}
Event: 4685.644 GC heap before
{Heap before GC invocations=154 (full 11):
 PSYoungGen      total 47616K, used 47611K [0x00000000eab00000, 0x00000000eed80000, 0x0000000100000000)
  eden space 46080K, 100% used [0x00000000eab00000,0x00000000ed800000,0x00000000ed800000)
  from space 1536K, 99% used [0x00000000ee280000,0x00000000ee3fefd0,0x00000000ee400000)
  to   space 10752K, 0% used [0x00000000ed800000,0x00000000ed800000,0x00000000ee280000)
 ParOldGen       total 325120K, used 315415K [0x00000000c0000000, 0x00000000d3d80000, 0x00000000eab00000)
  object space 325120K, 97% used [0x00000000c0000000,0x00000000d3405d20,0x00000000d3d80000)
 Metaspace       used 75265K, committed 76352K, reserved 1122304K
  class space    used 8659K, committed 9152K, reserved 1048576K
}
Event: 4685.650 GC heap after
{Heap after GC invocations=154 (full 11):
 PSYoungGen      total 53248K, used 7500K [0x00000000eab00000, 0x00000000ee880000, 0x0000000100000000)
  eden space 45568K, 0% used [0x00000000eab00000,0x00000000eab00000,0x00000000ed780000)
  from space 7680K, 97% used [0x00000000ed800000,0x00000000edf532f8,0x00000000edf80000)
  to   space 8704K, 0% used [0x00000000ee000000,0x00000000ee000000,0x00000000ee880000)
 ParOldGen       total 325120K, used 315591K [0x00000000c0000000, 0x00000000d3d80000, 0x00000000eab00000)
  object space 325120K, 97% used [0x00000000c0000000,0x00000000d3431d20,0x00000000d3d80000)
 Metaspace       used 75265K, committed 76352K, reserved 1122304K
  class space    used 8659K, committed 9152K, reserved 1048576K
}
Event: 5277.668 GC heap before
{Heap before GC invocations=155 (full 11):
 PSYoungGen      total 53248K, used 53068K [0x00000000eab00000, 0x00000000ee880000, 0x0000000100000000)
  eden space 45568K, 100% used [0x00000000eab00000,0x00000000ed780000,0x00000000ed780000)
  from space 7680K, 97% used [0x00000000ed800000,0x00000000edf532f8,0x00000000edf80000)
  to   space 8704K, 0% used [0x00000000ee000000,0x00000000ee000000,0x00000000ee880000)
 ParOldGen       total 325120K, used 315591K [0x00000000c0000000, 0x00000000d3d80000, 0x00000000eab00000)
  object space 325120K, 97% used [0x00000000c0000000,0x00000000d3431d20,0x00000000d3d80000)
 Metaspace       used 75957K, committed 76992K, reserved 1122304K
  class space    used 8725K, committed 9216K, reserved 1048576K
}
Event: 5277.674 GC heap after
{Heap after GC invocations=155 (full 11):
 PSYoungGen      total 50688K, used 5442K [0x00000000eab00000, 0x00000000ee580000, 0x0000000100000000)
  eden space 45056K, 0% used [0x00000000eab00000,0x00000000eab00000,0x00000000ed700000)
  from space 5632K, 96% used [0x00000000ee000000,0x00000000ee5508d0,0x00000000ee580000)
  to   space 6656K, 0% used [0x00000000ed880000,0x00000000ed880000,0x00000000edf00000)
 ParOldGen       total 325120K, used 315599K [0x00000000c0000000, 0x00000000d3d80000, 0x00000000eab00000)
  object space 325120K, 97% used [0x00000000c0000000,0x00000000d3433d20,0x00000000d3d80000)
 Metaspace       used 75957K, committed 76992K, reserved 1122304K
  class space    used 8725K, committed 9216K, reserved 1048576K
}
Event: 6146.787 GC heap before
{Heap before GC invocations=156 (full 11):
 PSYoungGen      total 50688K, used 50498K [0x00000000eab00000, 0x00000000ee580000, 0x0000000100000000)
  eden space 45056K, 100% used [0x00000000eab00000,0x00000000ed700000,0x00000000ed700000)
  from space 5632K, 96% used [0x00000000ee000000,0x00000000ee5508d0,0x00000000ee580000)
  to   space 6656K, 0% used [0x00000000ed880000,0x00000000ed880000,0x00000000edf00000)
 ParOldGen       total 325120K, used 315599K [0x00000000c0000000, 0x00000000d3d80000, 0x00000000eab00000)
  object space 325120K, 97% used [0x00000000c0000000,0x00000000d3433d20,0x00000000d3d80000)
 Metaspace       used 76084K, committed 77184K, reserved 1122304K
  class space    used 8730K, committed 9216K, reserved 1048576K
}
Event: 6146.798 GC heap after
{Heap after GC invocations=156 (full 11):
 PSYoungGen      total 51200K, used 6644K [0x00000000eab00000, 0x00000000ee480000, 0x0000000100000000)
  eden space 44544K, 0% used [0x00000000eab00000,0x00000000eab00000,0x00000000ed680000)
  from space 6656K, 99% used [0x00000000ed880000,0x00000000edefd0d0,0x00000000edf00000)
  to   space 5632K, 0% used [0x00000000edf00000,0x00000000edf00000,0x00000000ee480000)
 ParOldGen       total 325120K, used 315599K [0x00000000c0000000, 0x00000000d3d80000, 0x00000000eab00000)
  object space 325120K, 97% used [0x00000000c0000000,0x00000000d3433d20,0x00000000d3d80000)
 Metaspace       used 76084K, committed 77184K, reserved 1122304K
  class space    used 8730K, committed 9216K, reserved 1048576K
}
Event: 6172.525 GC heap before
{Heap before GC invocations=157 (full 11):
 PSYoungGen      total 51200K, used 51188K [0x00000000eab00000, 0x00000000ee480000, 0x0000000100000000)
  eden space 44544K, 100% used [0x00000000eab00000,0x00000000ed680000,0x00000000ed680000)
  from space 6656K, 99% used [0x00000000ed880000,0x00000000edefd0d0,0x00000000edf00000)
  to   space 5632K, 0% used [0x00000000edf00000,0x00000000edf00000,0x00000000ee480000)
 ParOldGen       total 325120K, used 315599K [0x00000000c0000000, 0x00000000d3d80000, 0x00000000eab00000)
  object space 325120K, 97% used [0x00000000c0000000,0x00000000d3433d20,0x00000000d3d80000)
 Metaspace       used 76289K, committed 77312K, reserved 1122304K
  class space    used 8734K, committed 9216K, reserved 1048576K
}
Event: 6172.534 GC heap after
{Heap after GC invocations=157 (full 11):
 PSYoungGen      total 45568K, used 5615K [0x00000000eab00000, 0x00000000ef000000, 0x0000000100000000)
  eden space 39936K, 0% used [0x00000000eab00000,0x00000000eab00000,0x00000000ed200000)
  from space 5632K, 99% used [0x00000000edf00000,0x00000000ee47bc88,0x00000000ee480000)
  to   space 13312K, 0% used [0x00000000ed200000,0x00000000ed200000,0x00000000edf00000)
 ParOldGen       total 325120K, used 321987K [0x00000000c0000000, 0x00000000d3d80000, 0x00000000eab00000)
  object space 325120K, 99% used [0x00000000c0000000,0x00000000d3a70ff0,0x00000000d3d80000)
 Metaspace       used 76289K, committed 77312K, reserved 1122304K
  class space    used 8734K, committed 9216K, reserved 1048576K
}
Event: 6172.534 GC heap before
{Heap before GC invocations=158 (full 12):
 PSYoungGen      total 45568K, used 5615K [0x00000000eab00000, 0x00000000ef000000, 0x0000000100000000)
  eden space 39936K, 0% used [0x00000000eab00000,0x00000000eab00000,0x00000000ed200000)
  from space 5632K, 99% used [0x00000000edf00000,0x00000000ee47bc88,0x00000000ee480000)
  to   space 13312K, 0% used [0x00000000ed200000,0x00000000ed200000,0x00000000edf00000)
 ParOldGen       total 325120K, used 321987K [0x00000000c0000000, 0x00000000d3d80000, 0x00000000eab00000)
  object space 325120K, 99% used [0x00000000c0000000,0x00000000d3a70ff0,0x00000000d3d80000)
 Metaspace       used 76289K, committed 77312K, reserved 1122304K
  class space    used 8734K, committed 9216K, reserved 1048576K
}

Deoptimization events (20 events):
Event: 6146.816 Thread 0x00007f8814009f50 DEOPT PACKING pc=0x00007f8859802498 sp=0x00007f87f34fada0
Event: 6146.816 Thread 0x00007f8814009f50 DEOPT UNPACKING pc=0x00007f8851831124 sp=0x00007f87f34fad88 mode 2
Event: 6146.816 Thread 0x00007f8814009f50 Uncommon trap: trap_request=0xffffffc6 fr.pc=0x00007f8859802498 relative=0x0000000000003e38
Event: 6146.816 Thread 0x00007f8814009f50 Uncommon trap: reason=bimorphic_or_optimized_type_check action=maybe_recompile pc=0x00007f8859802498 method=org.eclipse.jdt.internal.compiler.parser.Parser.consumeToken(I)V @ 1577 c2
Event: 6146.816 Thread 0x00007f8814009f50 DEOPT PACKING pc=0x00007f8859802498 sp=0x00007f87f34fada0
Event: 6146.816 Thread 0x00007f8814009f50 DEOPT UNPACKING pc=0x00007f8851831124 sp=0x00007f87f34fad88 mode 2
Event: 6146.816 Thread 0x00007f8814009f50 Uncommon trap: trap_request=0xffffffc6 fr.pc=0x00007f8859802498 relative=0x0000000000003e38
Event: 6146.816 Thread 0x00007f8814009f50 Uncommon trap: reason=bimorphic_or_optimized_type_check action=maybe_recompile pc=0x00007f8859802498 method=org.eclipse.jdt.internal.compiler.parser.Parser.consumeToken(I)V @ 1577 c2
Event: 6146.816 Thread 0x00007f8814009f50 DEOPT PACKING pc=0x00007f8859802498 sp=0x00007f87f34fada0
Event: 6146.816 Thread 0x00007f8814009f50 DEOPT UNPACKING pc=0x00007f8851831124 sp=0x00007f87f34fad88 mode 2
Event: 6146.967 Thread 0x00007f88140037a0 Uncommon trap: trap_request=0xffffff45 fr.pc=0x00007f885980e6d0 relative=0x00000000000001b0
Event: 6146.967 Thread 0x00007f88140037a0 Uncommon trap: reason=unstable_if action=reinterpret pc=0x00007f885980e6d0 method=java.util.Arrays.equals([C[C)Z @ 12 c2
Event: 6146.967 Thread 0x00007f88140037a0 DEOPT PACKING pc=0x00007f885980e6d0 sp=0x00007f87d32fbe90
Event: 6146.967 Thread 0x00007f88140037a0 DEOPT UNPACKING pc=0x00007f8851831124 sp=0x00007f87d32fbe48 mode 2
Event: 6147.128 Thread 0x00007f880813e660 DEOPT PACKING pc=0x00007f88529e6379 sp=0x00007f8848b0c2d0
Event: 6147.128 Thread 0x00007f880813e660 DEOPT UNPACKING pc=0x00007f88518318ba sp=0x00007f8848b0b810 mode 0
Event: 6147.129 Thread 0x00007f880813e660 Uncommon trap: trap_request=0xffffffde fr.pc=0x00007f88595b2030 relative=0x0000000000000d90
Event: 6147.129 Thread 0x00007f880813e660 Uncommon trap: reason=class_check action=maybe_recompile pc=0x00007f88595b2030 method=org.eclipse.jdt.internal.compiler.parser.Parser.parse()V @ 742 c2
Event: 6147.129 Thread 0x00007f880813e660 DEOPT PACKING pc=0x00007f88595b2030 sp=0x00007f8848b0c350
Event: 6147.129 Thread 0x00007f880813e660 DEOPT UNPACKING pc=0x00007f8851831124 sp=0x00007f8848b0c318 mode 2

Classes unloaded (0 events):
No events

Classes redefined (0 events):
No events

Internal exceptions (20 events):
Event: 4318.534 Thread 0x00007f88140022e0 Implicit null exception at 0x00007f88595afcd3 to 0x00007f88595afe20
Event: 4318.537 Thread 0x00007f88140022e0 Implicit null exception at 0x00007f885983f807 to 0x00007f885983f994
Event: 4318.538 Thread 0x00007f87dc3c0c60 Exception <a 'sun/nio/fs/UnixException'{0x00000000ec155b48}> (0x00000000ec155b48) 
thrown [open/src/hotspot/share/prims/jni.cpp, line 579]
Event: 4685.697 Thread 0x00007f88140037a0 Exception <a 'sun/nio/fs/UnixException'{0x00000000eae1fbf0}> (0x00000000eae1fbf0) 
thrown [open/src/hotspot/share/prims/jni.cpp, line 579]
Event: 5277.306 Thread 0x00007f881403a000 Implicit null exception at 0x00007f885995686d to 0x00007f8859959d2c
Event: 5277.595 Thread 0x00007f880813e660 Exception <a 'java/lang/ArrayIndexOutOfBoundsException'{0x00000000ed183aa8}> (0x00000000ed183aa8) 
thrown [open/src/hotspot/share/runtime/sharedRuntime.cpp, line 624]
Event: 5277.598 Thread 0x00007f880813e660 Exception <a 'java/lang/ArrayIndexOutOfBoundsException'{0x00000000ed1a13c8}> (0x00000000ed1a13c8) 
thrown [open/src/hotspot/share/runtime/sharedRuntime.cpp, line 624]
Event: 5277.616 Thread 0x00007f880813e660 Exception <a 'sun/nio/fs/UnixException'{0x00000000ed239500}> (0x00000000ed239500) 
thrown [open/src/hotspot/share/prims/jni.cpp, line 579]
Event: 5277.710 Thread 0x00007f880813e660 Exception <a 'java/lang/ArrayIndexOutOfBoundsException'{0x00000000eb75ff20}> (0x00000000eb75ff20) 
thrown [open/src/hotspot/share/runtime/sharedRuntime.cpp, line 624]
Event: 5955.850 Thread 0x00007f87dc3c0c60 Exception <a 'java/lang/ArrayIndexOutOfBoundsException'{0x00000000ebaf0080}> (0x00000000ebaf0080) 
thrown [open/src/hotspot/share/runtime/sharedRuntime.cpp, line 624]
Event: 5955.913 Thread 0x00007f881402a000 Implicit null exception at 0x00007f8859902885 to 0x00007f88599033a4
Event: 5956.042 Thread 0x00007f87dc3c0c60 Exception <a 'java/lang/ArrayIndexOutOfBoundsException'{0x00000000ec5ee890}> (0x00000000ec5ee890) 
thrown [open/src/hotspot/share/runtime/sharedRuntime.cpp, line 624]
Event: 5956.198 Thread 0x00007f880813e660 Exception <a 'java/lang/ArrayIndexOutOfBoundsException'{0x00000000eba92048}> (0x00000000eba92048) 
thrown [open/src/hotspot/share/runtime/sharedRuntime.cpp, line 624]
Event: 5956.205 Thread 0x00007f880813e660 Exception <a 'java/lang/ArrayIndexOutOfBoundsException'{0x00000000ec63a938}> (0x00000000ec63a938) 
thrown [open/src/hotspot/share/runtime/sharedRuntime.cpp, line 624]
Event: 5956.262 Thread 0x00007f880813e660 Implicit null exception at 0x00007f88598d8b36 to 0x00007f88598d8df0
Event: 5956.263 Thread 0x00007f880813e660 Exception <a 'java/lang/ArrayIndexOutOfBoundsException'{0x00000000ed3c5490}> (0x00000000ed3c5490) 
thrown [open/src/hotspot/share/runtime/sharedRuntime.cpp, line 624]
Event: 6146.784 Thread 0x00007f88140037a0 Exception <a 'java/lang/ArrayIndexOutOfBoundsException'{0x00000000ed574fc0}> (0x00000000ed574fc0) 
thrown [open/src/hotspot/share/runtime/sharedRuntime.cpp, line 624]
Event: 6146.959 Thread 0x00007f88140037a0 Exception <a 'java/lang/ArrayIndexOutOfBoundsException'{0x00000000eb3f2a98}> (0x00000000eb3f2a98) 
thrown [open/src/hotspot/share/runtime/sharedRuntime.cpp, line 624]
Event: 6146.967 Thread 0x00007f88140037a0 Implicit null exception at 0x00007f885980e541 to 0x00007f885980e6bc
Event: 6172.201 Thread 0x00007f88140037a0 Exception <a 'sun/nio/fs/UnixException'{0x00000000ec85f110}> (0x00000000ec85f110) 
thrown [open/src/hotspot/share/prims/jni.cpp, line 579]

Events (20 events):
Event: 6146.812 loading class java/util/stream/SpinedBuffer$OfPrimitive
Event: 6146.812 loading class java/util/stream/SpinedBuffer$OfPrimitive done
Event: 6146.812 loading class java/util/stream/SpinedBuffer$OfInt done
Event: 6146.815 Executing  VM operation: HandshakeAllThreads
Event: 6146.815 Executing  VM operation: HandshakeAllThreads done
Event: 6146.815 loading class java/util/stream/Nodes$IntSpinedNodeBuilder done
Event: 6146.827 Thread 0x00007f8824de8fd0 Thread added: 0x00007f8824de8fd0
Event: 6146.829 Protecting memory [0x00007f87d30fd000,0x00007f87d3101000] with protection modes 0
Event: 6146.846 Thread 0x00007f8814009f50 Thread exited: 0x00007f8814009f50
Event: 6147.815 Executing  VM operation: Cleanup
Event: 6147.815 Executing  VM operation: Cleanup done
Event: 6152.351 Thread 0x00007f8824de8fd0 Thread exited: 0x00007f8824de8fd0
Event: 6172.134 Thread 0x00007f881401f5c0 Thread added: 0x00007f881401f5c0
Event: 6172.141 Protecting memory [0x00007f87d30fd000,0x00007f87d3101000] with protection modes 0
Event: 6172.154 Thread 0x00007f8814009f50 Thread added: 0x00007f8814009f50
Event: 6172.154 Protecting memory [0x00007f87f33fc000,0x00007f87f3400000] with protection modes 0
Event: 6172.175 Thread 0x00007f8830b1fa50 Thread added: 0x00007f8830b1fa50
Event: 6172.189 Protecting memory [0x00007f87d3ce9000,0x00007f87d3ced000] with protection modes 0
Event: 6172.201 Thread 0x00007f8814009f50 Thread exited: 0x00007f8814009f50
Event: 6172.524 Executing  VM operation: ParallelGCFailedAllocation


Dynamic libraries:
c0000000-d3d80000 rw-p 00000000 00:00 0 
d3d80000-eab00000 ---p 00000000 00:00 0 
eab00000-ef000000 rw-p 00000000 00:00 0 
ef000000-100000000 ---p 00000000 00:00 0 
800000000-800003000 rwxp 00001000 08:13 1182029                          /usr/lib/jvm/java-16-openjdk/lib/server/classes.jsa
800003000-800411000 rw-p 00004000 08:13 1182029                          /usr/lib/jvm/java-16-openjdk/lib/server/classes.jsa
800411000-800bc1000 r--p 00412000 08:13 1182029                          /usr/lib/jvm/java-16-openjdk/lib/server/classes.jsa
800bc1000-800c00000 ---p 00000000 00:00 0 
800c00000-800c20000 rw-p 00000000 00:00 0 
800c20000-800c40000 rw-p 00000000 00:00 0 
800c40000-800d00000 rw-p 00000000 00:00 0 
800d00000-800e60000 rw-p 00000000 00:00 0 
800e60000-800e80000 rw-p 00000000 00:00 0 
800e80000-800f40000 rw-p 00000000 00:00 0 
800f40000-800f80000 rw-p 00000000 00:00 0 
800f80000-800fc0000 rw-p 00000000 00:00 0 
800fc0000-801000000 rw-p 00000000 00:00 0 
801000000-801180000 rw-p 00000000 00:00 0 
801180000-801500000 rw-p 00000000 00:00 0 
801500000-840c00000 ---p 00000000 00:00 0 
5614485e0000-5614485e1000 r-xp 00000000 08:13 1058869                    /usr/lib/jvm/java-16-openjdk/bin/java
5614485e2000-5614485e3000 r--p 00001000 08:13 1058869                    /usr/lib/jvm/java-16-openjdk/bin/java
5614485e3000-5614485e4000 rw-p 00002000 08:13 1058869                    /usr/lib/jvm/java-16-openjdk/bin/java
561448c3d000-56144934e000 rw-p 00000000 00:00 0                          [heap]
7f87c47e4000-7f87cc000000 r--s 00000000 08:13 1182020                    /usr/lib/jvm/java-16-openjdk/lib/modules
7f87cc000000-7f87cebf3000 rw-p 00000000 00:00 0 
7f87cebf3000-7f87d0000000 ---p 00000000 00:00 0 
7f87d1acb000-7f87d1af4000 r--p 00000000 08:13 144999                     /usr/lib/libp11-kit.so.0.3.0
7f87d1af4000-7f87d1b92000 r-xp 00029000 08:13 144999                     /usr/lib/libp11-kit.so.0.3.0
7f87d1b92000-7f87d1bec000 r--p 000c7000 08:13 144999                     /usr/lib/libp11-kit.so.0.3.0
7f87d1bec000-7f87d1bf6000 r--p 00120000 08:13 144999                     /usr/lib/libp11-kit.so.0.3.0
7f87d1bf6000-7f87d1c00000 rw-p 0012a000 08:13 144999                     /usr/lib/libp11-kit.so.0.3.0
7f87d1c00000-7f87d1d80000 rw-p 00000000 00:00 0 
7f87d1d80000-7f87d1db0000 rw-p 00000000 00:00 0 
7f87d1db0000-7f87d1e00000 ---p 00000000 00:00 0 
7f87d1e00000-7f87d1ed0000 rw-p 00000000 00:00 0 
7f87d1ed0000-7f87d2400000 ---p 00000000 00:00 0 
7f87d2421000-7f87d2497000 r--p 00000000 08:13 138705                     /usr/lib/libcrypto.so.1.1
7f87d2497000-7f87d263c000 r-xp 00076000 08:13 138705                     /usr/lib/libcrypto.so.1.1
7f87d263c000-7f87d26cd000 r--p 0021b000 08:13 138705                     /usr/lib/libcrypto.so.1.1
7f87d26cd000-7f87d26f9000 r--p 002ab000 08:13 138705                     /usr/lib/libcrypto.so.1.1
7f87d26f9000-7f87d26fb000 rw-p 002d7000 08:13 138705                     /usr/lib/libcrypto.so.1.1
7f87d26fb000-7f87d26ff000 rw-p 00000000 00:00 0 
7f87d26ff000-7f87d2703000 ---p 00000000 00:00 0 
7f87d2703000-7f87d3000000 rw-p 00000000 00:00 0 
7f87d30fd000-7f87d3101000 ---p 00000000 00:00 0 
7f87d3101000-7f87d31fe000 rw-p 00000000 00:00 0 
7f87d31fe000-7f87d3202000 ---p 00000000 00:00 0 
7f87d3202000-7f87d32ff000 rw-p 00000000 00:00 0 
7f87d32ff000-7f87d3303000 ---p 00000000 00:00 0 
7f87d3303000-7f87d3500000 rw-p 00000000 00:00 0 
7f87d3500000-7f87d3600000 rw-p 00000000 00:00 0 
7f87d3600000-7f87d3b80000 rw-p 00000000 00:00 0 
7f87d3b80000-7f87d3c00000 rw-p 00000000 00:00 0 
7f87d3ce9000-7f87d3ced000 ---p 00000000 00:00 0 
7f87d3ced000-7f87d3dea000 rw-p 00000000 00:00 0 
7f87d3dea000-7f87d3e83000 r--p 00000000 08:13 135344                     /usr/lib/libstdc++.so.6.0.29
7f87d3e83000-7f87d3f83000 r-xp 00099000 08:13 135344                     /usr/lib/libstdc++.so.6.0.29
7f87d3f83000-7f87d3fef000 r--p 00199000 08:13 135344                     /usr/lib/libstdc++.so.6.0.29
7f87d3fef000-7f87d3ffc000 r--p 00204000 08:13 135344                     /usr/lib/libstdc++.so.6.0.29
7f87d3ffc000-7f87d3ffd000 rw-p 00211000 08:13 135344                     /usr/lib/libstdc++.so.6.0.29
7f87d3ffd000-7f87d4000000 rw-p 00000000 00:00 0 
7f87d4000000-7f87d4359000 rw-p 00000000 00:00 0 
7f87d4359000-7f87d8000000 ---p 00000000 00:00 0 
7f87d8000000-7f87d81d0000 rw-p 00000000 00:00 0 
7f87d81d0000-7f87dc000000 ---p 00000000 00:00 0 
7f87dc000000-7f87dca92000 rw-p 00000000 00:00 0 
7f87dca92000-7f87e0000000 ---p 00000000 00:00 0 
7f87e0000000-7f87e14a4000 rw-p 00000000 00:00 0 
7f87e14a4000-7f87e4000000 ---p 00000000 00:00 0 
7f87e4000000-7f87e5866000 rw-p 00000000 00:00 0 
7f87e5866000-7f87e8000000 ---p 00000000 00:00 0 
7f87e8000000-7f87e838d000 rw-p 00000000 00:00 0 
7f87e838d000-7f87ec000000 ---p 00000000 00:00 0 
7f87ec000000-7f87ec021000 rw-p 00000000 00:00 0 
7f87ec021000-7f87f0000000 ---p 00000000 00:00 0 
7f87f00a2000-7f87f00a6000 ---p 00000000 00:00 0 
7f87f00a6000-7f87f01a3000 rw-p 00000000 00:00 0 
7f87f01a3000-7f87f01f4000 r-xp 00000000 08:14 20973627                   /home/silas/.gradle/native/53dbd7edfb1c66fb8903c78663c9afc45aea4f116125fa6feffd364cf09443e8/linux-amd64/libnative-platform-file-events.so
7f87f01f4000-7f87f03f4000 ---p 00051000 08:14 20973627                   /home/silas/.gradle/native/53dbd7edfb1c66fb8903c78663c9afc45aea4f116125fa6feffd364cf09443e8/linux-amd64/libnative-platform-file-events.so
7f87f03f4000-7f87f03f5000 r--p 00051000 08:14 20973627                   /home/silas/.gradle/native/53dbd7edfb1c66fb8903c78663c9afc45aea4f116125fa6feffd364cf09443e8/linux-amd64/libnative-platform-file-events.so
7f87f03f5000-7f87f03f7000 rw-p 00052000 08:14 20973627                   /home/silas/.gradle/native/53dbd7edfb1c66fb8903c78663c9afc45aea4f116125fa6feffd364cf09443e8/linux-amd64/libnative-platform-file-events.so
7f87f03f7000-7f87f03fc000 r-xp 00000000 08:14 20973623                   /home/silas/.gradle/native/8bec1ad78214c89d9ad589b4d07fe93259594b29d510b10fafb7a158f7737e5d/linux-amd64/libnative-platform.so
7f87f03fc000-7f87f05fc000 ---p 00005000 08:14 20973623                   /home/silas/.gradle/native/8bec1ad78214c89d9ad589b4d07fe93259594b29d510b10fafb7a158f7737e5d/linux-amd64/libnative-platform.so
7f87f05fc000-7f87f05fd000 r--p 00005000 08:14 20973623                   /home/silas/.gradle/native/8bec1ad78214c89d9ad589b4d07fe93259594b29d510b10fafb7a158f7737e5d/linux-amd64/libnative-platform.so
7f87f05fd000-7f87f05fe000 rw-p 00006000 08:14 20973623                   /home/silas/.gradle/native/8bec1ad78214c89d9ad589b4d07fe93259594b29d510b10fafb7a158f7737e5d/linux-amd64/libnative-platform.so
7f87f05fe000-7f87f0602000 ---p 00000000 00:00 0 
7f87f0602000-7f87f06ff000 rw-p 00000000 00:00 0 
7f87f06ff000-7f87f0703000 ---p 00000000 00:00 0 
7f87f0703000-7f87f0c00000 rw-p 00000000 00:00 0 
7f87f0c00000-7f87f1000000 rw-p 00000000 00:00 0 
7f87f10fd000-7f87f1101000 ---p 00000000 00:00 0 
7f87f1101000-7f87f11fe000 rw-p 00000000 00:00 0 
7f87f11fe000-7f87f1202000 ---p 00000000 00:00 0 
7f87f1202000-7f87f12ff000 rw-p 00000000 00:00 0 
7f87f12ff000-7f87f1303000 ---p 00000000 00:00 0 
7f87f1303000-7f87f1600000 rw-p 00000000 00:00 0 
7f87f1600000-7f87f1c00000 rw-p 00000000 00:00 0 
7f87f1c00000-7f87f1d00000 rw-p 00000000 00:00 0 
7f87f1d00000-7f87f1e00000 rw-p 00000000 00:00 0 
7f87f1e00000-7f87f1f00000 rw-p 00000000 00:00 0 
7f87f1f00000-7f87f2000000 rw-p 00000000 00:00 0 
7f87f2000000-7f87f2100000 rw-p 00000000 00:00 0 
7f87f2100000-7f87f2300000 rw-p 00000000 00:00 0 
7f87f2300000-7f87f2400000 rw-p 00000000 00:00 0 
7f87f24fd000-7f87f2501000 ---p 00000000 00:00 0 
7f87f2501000-7f87f25fe000 rw-p 00000000 00:00 0 
7f87f25fe000-7f87f2602000 ---p 00000000 00:00 0 
7f87f2602000-7f87f26ff000 rw-p 00000000 00:00 0 
7f87f26ff000-7f87f2703000 ---p 00000000 00:00 0 
7f87f2703000-7f87f2a00000 rw-p 00000000 00:00 0 
7f87f2a00000-7f87f2b00000 rw-p 00000000 00:00 0 
7f87f2b00000-7f87f2c00000 rw-p 00000000 00:00 0 
7f87f2c00000-7f87f3000000 rw-p 00000000 00:00 0 
7f87f3072000-7f87f3074000 r--p 00000000 08:13 143462                     /usr/lib/libcrypt.so.2.0.0
7f87f3074000-7f87f3086000 r-xp 00002000 08:13 143462                     /usr/lib/libcrypt.so.2.0.0
7f87f3086000-7f87f309f000 r--p 00014000 08:13 143462                     /usr/lib/libcrypt.so.2.0.0
7f87f309f000-7f87f30a0000 r--p 0002c000 08:13 143462                     /usr/lib/libcrypt.so.2.0.0
7f87f30a0000-7f87f30a1000 rw-p 0002d000 08:13 143462                     /usr/lib/libcrypt.so.2.0.0
7f87f30a1000-7f87f30a9000 rw-p 00000000 00:00 0 
7f87f30a9000-7f87f30b0000 r--p 00000000 08:13 145108                     /usr/lib/libnss_systemd.so.2
7f87f30b0000-7f87f30e3000 r-xp 00007000 08:13 145108                     /usr/lib/libnss_systemd.so.2
7f87f30e3000-7f87f30f4000 r--p 0003a000 08:13 145108                     /usr/lib/libnss_systemd.so.2
7f87f30f4000-7f87f30f8000 r--p 0004a000 08:13 145108                     /usr/lib/libnss_systemd.so.2
7f87f30f8000-7f87f30f9000 rw-p 0004e000 08:13 145108                     /usr/lib/libnss_systemd.so.2
7f87f30f9000-7f87f30fd000 ---p 00000000 00:00 0 
7f87f30fd000-7f87f31fa000 rw-p 00000000 00:00 0 
7f87f31fa000-7f87f31fe000 ---p 00000000 00:00 0 
7f87f31fe000-7f87f32fb000 rw-p 00000000 00:00 0 
7f87f32fb000-7f87f32ff000 ---p 00000000 00:00 0 
7f87f32ff000-7f87f33fc000 rw-p 00000000 00:00 0 
7f87f33fc000-7f87f3400000 ---p 00000000 00:00 0 
7f87f3400000-7f87f34fd000 rw-p 00000000 00:00 0 
7f87f34fd000-7f87f3501000 ---p 00000000 00:00 0 
7f87f3501000-7f87f35fe000 rw-p 00000000 00:00 0 
7f87f35fe000-7f87f3602000 ---p 00000000 00:00 0 
7f87f3602000-7f87f36ff000 rw-p 00000000 00:00 0 
7f87f36ff000-7f87f3703000 ---p 00000000 00:00 0 
7f87f3703000-7f87f3b00000 rw-p 00000000 00:00 0 
7f87f3b00000-7f87f3c00000 rw-p 00000000 00:00 0 
7f87f3c00000-7f87f4000000 rw-p 00000000 00:00 0 
7f87f4000000-7f87f426c000 rw-p 00000000 00:00 0 
7f87f426c000-7f87f8000000 ---p 00000000 00:00 0 
7f87f8000000-7f87f8713000 rw-p 00000000 00:00 0 
7f87f8713000-7f87fc000000 ---p 00000000 00:00 0 
7f87fc000000-7f87fcdd4000 rw-p 00000000 00:00 0 
7f87fcdd4000-7f8800000000 ---p 00000000 00:00 0 
7f8800000000-7f880037c000 rw-p 00000000 00:00 0 
7f880037c000-7f8804000000 ---p 00000000 00:00 0 
7f8804000000-7f8804021000 rw-p 00000000 00:00 0 
7f8804021000-7f8808000000 ---p 00000000 00:00 0 
7f8808000000-7f8809090000 rw-p 00000000 00:00 0 
7f8809090000-7f880c000000 ---p 00000000 00:00 0 
7f880c000000-7f880cb0d000 rw-p 00000000 00:00 0 
7f880cb0d000-7f8810000000 ---p 00000000 00:00 0 
7f8810000000-7f881051d000 rw-p 00000000 00:00 0 
7f881051d000-7f8814000000 ---p 00000000 00:00 0 
7f8814000000-7f8814052000 rw-p 00000000 00:00 0 
7f8814052000-7f8818000000 ---p 00000000 00:00 0 
7f8818000000-7f8818346000 rw-p 00000000 00:00 0 
7f8818346000-7f881c000000 ---p 00000000 00:00 0 
7f881c000000-7f881c021000 rw-p 00000000 00:00 0 
7f881c021000-7f8820000000 ---p 00000000 00:00 0 
7f8820000000-7f8820028000 rw-p 00000000 00:00 0 
7f8820028000-7f8824000000 ---p 00000000 00:00 0 
7f8824000000-7f882529d000 rw-p 00000000 00:00 0 
7f882529d000-7f8828000000 ---p 00000000 00:00 0 
7f8828000000-7f88292ec000 rw-p 00000000 00:00 0 
7f88292ec000-7f882c000000 ---p 00000000 00:00 0 
7f882c000000-7f882c203000 rw-p 00000000 00:00 0 
7f882c203000-7f8830000000 ---p 00000000 00:00 0 
7f8830000000-7f88338e5000 rw-p 00000000 00:00 0 
7f88338e5000-7f8834000000 ---p 00000000 00:00 0 
7f8834000000-7f8834161000 rw-p 00000000 00:00 0 
7f8834161000-7f8838000000 ---p 00000000 00:00 0 
7f8838000000-7f8838353000 rw-p 00000000 00:00 0 
7f8838353000-7f883c000000 ---p 00000000 00:00 0 
7f883c000000-7f883c924000 rw-p 00000000 00:00 0 
7f883c924000-7f8840000000 ---p 00000000 00:00 0 
7f8840000000-7f8840022000 rw-p 00000000 00:00 0 
7f8840022000-7f8844000000 ---p 00000000 00:00 0 
7f8844000000-7f88445e5000 rw-p 00000000 00:00 0 
7f88445e5000-7f8848000000 ---p 00000000 00:00 0 
7f8848055000-7f8848059000 ---p 00000000 00:00 0 
7f8848059000-7f8848077000 rw-p 00000000 00:00 0 
7f8848077000-7f884807a000 r--p 00000000 08:13 135314                     /usr/lib/libgcc_s.so.1
7f884807a000-7f884808c000 r-xp 00003000 08:13 135314                     /usr/lib/libgcc_s.so.1
7f884808c000-7f884808f000 r--p 00015000 08:13 135314                     /usr/lib/libgcc_s.so.1
7f884808f000-7f8848090000 ---p 00018000 08:13 135314                     /usr/lib/libgcc_s.so.1
7f8848090000-7f8848091000 r--p 00018000 08:13 135314                     /usr/lib/libgcc_s.so.1
7f8848091000-7f8848092000 rw-p 00019000 08:13 135314                     /usr/lib/libgcc_s.so.1
7f8848092000-7f8848096000 r--p 00000000 08:13 134564                     /usr/lib/libresolv-2.33.so
7f8848096000-7f88480a4000 r-xp 00004000 08:13 134564                     /usr/lib/libresolv-2.33.so
7f88480a4000-7f88480a7000 r--p 00012000 08:13 134564                     /usr/lib/libresolv-2.33.so
7f88480a7000-7f88480a8000 ---p 00015000 08:13 134564                     /usr/lib/libresolv-2.33.so
7f88480a8000-7f88480a9000 r--p 00015000 08:13 134564                     /usr/lib/libresolv-2.33.so
7f88480a9000-7f88480aa000 rw-p 00016000 08:13 134564                     /usr/lib/libresolv-2.33.so
7f88480aa000-7f88480ac000 rw-p 00000000 00:00 0 
7f88480ac000-7f88480af000 r--p 00000000 08:13 145107                     /usr/lib/libnss_resolve.so.2
7f88480af000-7f88480c6000 r-xp 00003000 08:13 145107                     /usr/lib/libnss_resolve.so.2
7f88480c6000-7f88480ce000 r--p 0001a000 08:13 145107                     /usr/lib/libnss_resolve.so.2
7f88480ce000-7f88480cf000 ---p 00022000 08:13 145107                     /usr/lib/libnss_resolve.so.2
7f88480cf000-7f88480d0000 r--p 00022000 08:13 145107                     /usr/lib/libnss_resolve.so.2
7f88480d0000-7f88480d1000 rw-p 00023000 08:13 145107                     /usr/lib/libnss_resolve.so.2
7f88480d1000-7f88480d5000 r--p 00000000 08:13 145104                     /usr/lib/libnss_myhostname.so.2
7f88480d5000-7f88480e3000 r-xp 00004000 08:13 145104                     /usr/lib/libnss_myhostname.so.2
7f88480e3000-7f88480ec000 r--p 00012000 08:13 145104                     /usr/lib/libnss_myhostname.so.2
7f88480ec000-7f88480ed000 ---p 0001b000 08:13 145104                     /usr/lib/libnss_myhostname.so.2
7f88480ed000-7f88480f1000 r--p 0001b000 08:13 145104                     /usr/lib/libnss_myhostname.so.2
7f88480f1000-7f88480f2000 rw-p 0001f000 08:13 145104                     /usr/lib/libnss_myhostname.so.2
7f88480f2000-7f88480f6000 ---p 00000000 00:00 0 
7f88480f6000-7f88481f3000 rw-p 00000000 00:00 0 
7f88481f3000-7f88481f4000 ---p 00000000 00:00 0 
7f88481f4000-7f88482f5000 rw-p 00000000 00:00 0 
7f88482f5000-7f88482f6000 ---p 00000000 00:00 0 
7f88482f6000-7f88483f7000 rw-p 00000000 00:00 0 
7f88483f7000-7f88483f8000 ---p 00000000 00:00 0 
7f88483f8000-7f88484f9000 rw-p 00000000 00:00 0 
7f88484f9000-7f8848509000 r-xp 00000000 08:14 25954995                   /home/silas/.config/Code/User/globalStorage/redhat.java/0.80.0/config_linux/org.eclipse.equinox.launcher/org.eclipse.equinox.launcher.gtk.linux.x86_64_1.2.300.v20210617-0451/eclipse_11501.so
7f8848509000-7f8848708000 ---p 00010000 08:14 25954995                   /home/silas/.config/Code/User/globalStorage/redhat.java/0.80.0/config_linux/org.eclipse.equinox.launcher/org.eclipse.equinox.launcher.gtk.linux.x86_64_1.2.300.v20210617-0451/eclipse_11501.so
7f8848708000-7f8848709000 r--p 0000f000 08:14 25954995                   /home/silas/.config/Code/User/globalStorage/redhat.java/0.80.0/config_linux/org.eclipse.equinox.launcher/org.eclipse.equinox.launcher.gtk.linux.x86_64_1.2.300.v20210617-0451/eclipse_11501.so
7f8848709000-7f884870a000 rw-p 00010000 08:14 25954995                   /home/silas/.config/Code/User/globalStorage/redhat.java/0.80.0/config_linux/org.eclipse.equinox.launcher/org.eclipse.equinox.launcher.gtk.linux.x86_64_1.2.300.v20210617-0451/eclipse_11501.so
7f884870a000-7f884870e000 ---p 00000000 00:00 0 
7f884870e000-7f884880b000 rw-p 00000000 00:00 0 
7f884880b000-7f884880f000 ---p 00000000 00:00 0 
7f884880f000-7f884890c000 rw-p 00000000 00:00 0 
7f884890c000-7f8848910000 ---p 00000000 00:00 0 
7f8848910000-7f8848a0d000 rw-p 00000000 00:00 0 
7f8848a0d000-7f8848a11000 ---p 00000000 00:00 0 
7f8848a11000-7f8848b0e000 rw-p 00000000 00:00 0 
7f8848b0e000-7f8848b0f000 ---p 00000000 00:00 0 
7f8848b0f000-7f8848c10000 rw-p 00000000 00:00 0 
7f8848c10000-7f8848c14000 ---p 00000000 00:00 0 
7f8848c14000-7f8848d11000 rw-p 00000000 00:00 0 
7f8848d11000-7f8848d15000 ---p 00000000 00:00 0 
7f8848d15000-7f8848e12000 rw-p 00000000 00:00 0 
7f8848e12000-7f8848e16000 ---p 00000000 00:00 0 
7f8848e16000-7f8848f13000 rw-p 00000000 00:00 0 
7f8848f13000-7f8848f17000 ---p 00000000 00:00 0 
7f8848f17000-7f8849014000 rw-p 00000000 00:00 0 
7f8849014000-7f8849018000 ---p 00000000 00:00 0 
7f8849018000-7f8849115000 rw-p 00000000 00:00 0 
7f8849115000-7f8849119000 ---p 00000000 00:00 0 
7f8849119000-7f8849216000 rw-p 00000000 00:00 0 
7f8849216000-7f884921a000 ---p 00000000 00:00 0 
7f884921a000-7f8849317000 rw-p 00000000 00:00 0 
7f8849317000-7f884931b000 ---p 00000000 00:00 0 
7f884931b000-7f8849418000 rw-p 00000000 00:00 0 
7f8849418000-7f88496ff000 r--p 00000000 08:13 157470                     /usr/lib/locale/locale-archive
7f88496ff000-7f8849703000 ---p 00000000 00:00 0 
7f8849703000-7f8849c00000 rw-p 00000000 00:00 0 
7f8849c00000-7f8849f00000 rw-p 00000000 00:00 0 
7f8849f00000-7f884c000000 rw-p 00000000 00:00 0 
7f884c000000-7f884c58b000 rw-p 00000000 00:00 0 
7f884c58b000-7f8850000000 ---p 00000000 00:00 0 
7f8850005000-7f8850007000 r--p 00000000 08:13 134550                     /usr/lib/libnss_dns-2.33.so
7f8850007000-7f885000b000 r-xp 00002000 08:13 134550                     /usr/lib/libnss_dns-2.33.so
7f885000b000-7f885000c000 r--p 00006000 08:13 134550                     /usr/lib/libnss_dns-2.33.so
7f885000c000-7f885000d000 r--p 00006000 08:13 134550                     /usr/lib/libnss_dns-2.33.so
7f885000d000-7f885000e000 rw-p 00007000 08:13 134550                     /usr/lib/libnss_dns-2.33.so
7f885000e000-7f8850011000 r--p 00000000 08:13 143929                     /usr/lib/libcap.so.2.51
7f8850011000-7f8850015000 r-xp 00003000 08:13 143929                     /usr/lib/libcap.so.2.51
7f8850015000-7f8850017000 r--p 00007000 08:13 143929                     /usr/lib/libcap.so.2.51
7f8850017000-7f8850018000 r--p 00008000 08:13 143929                     /usr/lib/libcap.so.2.51
7f8850018000-7f8850019000 rw-p 00009000 08:13 143929                     /usr/lib/libcap.so.2.51
7f8850019000-7f8850020000 r--p 00000000 08:13 145105                     /usr/lib/libnss_mymachines.so.2
7f8850020000-7f8850054000 r-xp 00007000 08:13 145105                     /usr/lib/libnss_mymachines.so.2
7f8850054000-7f8850066000 r--p 0003b000 08:13 145105                     /usr/lib/libnss_mymachines.so.2
7f8850066000-7f8850067000 ---p 0004d000 08:13 145105                     /usr/lib/libnss_mymachines.so.2
7f8850067000-7f885006a000 r--p 0004d000 08:13 145105                     /usr/lib/libnss_mymachines.so.2
7f885006a000-7f885006b000 rw-p 00050000 08:13 145105                     /usr/lib/libnss_mymachines.so.2
7f885006b000-7f885006c000 rw-p 00000000 00:00 0 
7f885007b000-7f885007d000 r--p 00000000 08:13 144988                     /usr/lib/libffi.so.7.1.0
7f885007d000-7f8850083000 r-xp 00002000 08:13 144988                     /usr/lib/libffi.so.7.1.0
7f8850083000-7f8850085000 r--p 00008000 08:13 144988                     /usr/lib/libffi.so.7.1.0
7f8850085000-7f8850086000 r--p 00009000 08:13 144988                     /usr/lib/libffi.so.7.1.0
7f8850086000-7f8850087000 rw-p 0000a000 08:13 144988                     /usr/lib/libffi.so.7.1.0
7f8850087000-7f885008c000 r-xp 00000000 08:13 1182009                    /usr/lib/jvm/java-16-openjdk/lib/libmanagement_ext.so
7f885008c000-7f885008d000 ---p 00005000 08:13 1182009                    /usr/lib/jvm/java-16-openjdk/lib/libmanagement_ext.so
7f885008d000-7f885008e000 r--p 00005000 08:13 1182009                    /usr/lib/jvm/java-16-openjdk/lib/libmanagement_ext.so
7f885008e000-7f885008f000 rw-p 00006000 08:13 1182009                    /usr/lib/jvm/java-16-openjdk/lib/libmanagement_ext.so
7f885008f000-7f885009c000 r-xp 00000000 08:13 1182018                    /usr/lib/jvm/java-16-openjdk/lib/libverify.so
7f885009c000-7f885009e000 r--p 0000c000 08:13 1182018                    /usr/lib/jvm/java-16-openjdk/lib/libverify.so
7f885009e000-7f885009f000 rw-p 0000e000 08:13 1182018                    /usr/lib/jvm/java-16-openjdk/lib/libverify.so
7f885009f000-7f88500a3000 ---p 00000000 00:00 0 
7f88500a3000-7f88501a0000 rw-p 00000000 00:00 0 
7f88501a0000-7f88501a1000 ---p 00000000 00:00 0 
7f88501a1000-7f885152c000 rw-p 00000000 00:00 0 
7f885152c000-7f88515e3000 ---p 00000000 00:00 0 
7f88515e3000-7f8851682000 rw-p 00000000 00:00 0 
7f8851682000-7f8851738000 ---p 00000000 00:00 0 
7f8851738000-7f885175b000 rw-p 00000000 00:00 0 
7f885175b000-7f88517e3000 ---p 00000000 00:00 0 
7f88517e3000-7f88517e4000 rw-p 00000000 00:00 0 
7f88517e4000-7f8851a54000 rwxp 00000000 00:00 0 
7f8851a54000-7f8851d75000 ---p 00000000 00:00 0 
7f8851d75000-7f88531b5000 rwxp 00000000 00:00 0 
7f88531b5000-7f88592ac000 ---p 00000000 00:00 0 
7f88592ac000-7f88599ec000 rwxp 00000000 00:00 0 
7f88599ec000-7f88607e4000 ---p 00000000 00:00 0 
7f88607e4000-7f8868000000 r--s 00000000 08:13 1182020                    /usr/lib/jvm/java-16-openjdk/lib/modules
7f8868000000-7f8869444000 rw-p 00000000 00:00 0 
7f8869444000-7f886c000000 ---p 00000000 00:00 0 
7f886c002000-7f886c006000 r-xp 00000000 08:13 1182007                    /usr/lib/jvm/java-16-openjdk/lib/libmanagement.so
7f886c006000-7f886c007000 r--p 00003000 08:13 1182007                    /usr/lib/jvm/java-16-openjdk/lib/libmanagement.so
7f886c007000-7f886c008000 rw-p 00004000 08:13 1182007                    /usr/lib/jvm/java-16-openjdk/lib/libmanagement.so
7f886c008000-7f886c00c000 ---p 00000000 00:00 0 
7f886c00c000-7f886c02a000 rw-p 00000000 00:00 0 
7f886c02a000-7f886c03f000 r-xp 00000000 08:13 1182011                    /usr/lib/jvm/java-16-openjdk/lib/libnet.so
7f886c03f000-7f886c040000 r--p 00014000 08:13 1182011                    /usr/lib/jvm/java-16-openjdk/lib/libnet.so
7f886c040000-7f886c041000 rw-p 00015000 08:13 1182011                    /usr/lib/jvm/java-16-openjdk/lib/libnet.so
7f886c041000-7f886c054000 r-xp 00000000 08:13 1182012                    /usr/lib/jvm/java-16-openjdk/lib/libnio.so
7f886c054000-7f886c055000 r--p 00012000 08:13 1182012                    /usr/lib/jvm/java-16-openjdk/lib/libnio.so
7f886c055000-7f886c056000 rw-p 00013000 08:13 1182012                    /usr/lib/jvm/java-16-openjdk/lib/libnio.so
7f886c056000-7f886c0ab000 rw-p 00000000 00:00 0 
7f886c0ab000-7f886c0ac000 ---p 00000000 00:00 0 
7f886c0ac000-7f886c1bc000 rw-p 00000000 00:00 0 
7f886c1bc000-7f886c298000 ---p 00000000 00:00 0 
7f886c298000-7f886c2c1000 rw-p 00000000 00:00 0 
7f886c2c1000-7f886c383000 ---p 00000000 00:00 0 
7f886c383000-7f886c3a7000 r-xp 00000000 08:13 1181998                    /usr/lib/jvm/java-16-openjdk/lib/libjava.so
7f886c3a7000-7f886c3a8000 ---p 00024000 08:13 1181998                    /usr/lib/jvm/java-16-openjdk/lib/libjava.so
7f886c3a8000-7f886c3a9000 r--p 00024000 08:13 1181998                    /usr/lib/jvm/java-16-openjdk/lib/libjava.so
7f886c3a9000-7f886c3aa000 rw-p 00025000 08:13 1181998                    /usr/lib/jvm/java-16-openjdk/lib/libjava.so
7f886c3aa000-7f886c3ab000 rw-p 00000000 00:00 0 
7f886c3ab000-7f886c3ae000 r--p 00000000 08:13 134553                     /usr/lib/libnss_files-2.33.so
7f886c3ae000-7f886c3b5000 r-xp 00003000 08:13 134553                     /usr/lib/libnss_files-2.33.so
7f886c3b5000-7f886c3b7000 r--p 0000a000 08:13 134553                     /usr/lib/libnss_files-2.33.so
7f886c3b7000-7f886c3b8000 r--p 0000b000 08:13 134553                     /usr/lib/libnss_files-2.33.so
7f886c3b8000-7f886c3b9000 rw-p 0000c000 08:13 134553                     /usr/lib/libnss_files-2.33.so
7f886c3b9000-7f886c3bf000 rw-p 00000000 00:00 0 
7f886c3c0000-7f886c3c2000 r-xp 00000000 08:13 1181990                    /usr/lib/jvm/java-16-openjdk/lib/libextnet.so
7f886c3c2000-7f886c3c3000 r--p 00001000 08:13 1181990                    /usr/lib/jvm/java-16-openjdk/lib/libextnet.so
7f886c3c3000-7f886c3c4000 rw-p 00002000 08:13 1181990                    /usr/lib/jvm/java-16-openjdk/lib/libextnet.so
7f886c3c4000-7f886c3cb000 r-xp 00000000 08:13 1182019                    /usr/lib/jvm/java-16-openjdk/lib/libzip.so
7f886c3cb000-7f886c3cc000 ---p 00007000 08:13 1182019                    /usr/lib/jvm/java-16-openjdk/lib/libzip.so
7f886c3cc000-7f886c3cd000 r--p 00007000 08:13 1182019                    /usr/lib/jvm/java-16-openjdk/lib/libzip.so
7f886c3cd000-7f886c3ce000 rw-p 00008000 08:13 1182019                    /usr/lib/jvm/java-16-openjdk/lib/libzip.so
7f886c3ce000-7f886c3d3000 rw-p 00000000 00:00 0 
7f886c3d3000-7f886c3da000 ---p 00000000 00:00 0 
7f886c3da000-7f886c3e2000 rw-s 00000000 00:25 4174                       /tmp/hsperfdata_silas/10258
7f886c3e2000-7f886c3e5000 r--p 00000000 08:13 134568                     /usr/lib/librt-2.33.so
7f886c3e5000-7f886c3e9000 r-xp 00003000 08:13 134568                     /usr/lib/librt-2.33.so
7f886c3e9000-7f886c3eb000 r--p 00007000 08:13 134568                     /usr/lib/librt-2.33.so
7f886c3eb000-7f886c3ec000 r--p 00008000 08:13 134568                     /usr/lib/librt-2.33.so
7f886c3ec000-7f886c3ed000 rw-p 00009000 08:13 134568                     /usr/lib/librt-2.33.so
7f886c3ed000-7f886c3f1000 ---p 00000000 00:00 0 
7f886c3f1000-7f886c4ee000 rw-p 00000000 00:00 0 
7f886c4ee000-7f886c4fd000 r--p 00000000 08:13 134532                     /usr/lib/libm-2.33.so
7f886c4fd000-7f886c597000 r-xp 0000f000 08:13 134532                     /usr/lib/libm-2.33.so
7f886c597000-7f886c62f000 r--p 000a9000 08:13 134532                     /usr/lib/libm-2.33.so
7f886c62f000-7f886c630000 ---p 00141000 08:13 134532                     /usr/lib/libm-2.33.so
7f886c630000-7f886c631000 r--p 00141000 08:13 134532                     /usr/lib/libm-2.33.so
7f886c631000-7f886c632000 rw-p 00142000 08:13 134532                     /usr/lib/libm-2.33.so
7f886c632000-7f886d740000 r-xp 00000000 08:13 1182032                    /usr/lib/jvm/java-16-openjdk/lib/server/libjvm.so
7f886d740000-7f886d741000 ---p 0110e000 08:13 1182032                    /usr/lib/jvm/java-16-openjdk/lib/server/libjvm.so
7f886d741000-7f886d7f2000 r--p 0110e000 08:13 1182032                    /usr/lib/jvm/java-16-openjdk/lib/server/libjvm.so
7f886d7f2000-7f886d825000 rw-p 011bf000 08:13 1182032                    /usr/lib/jvm/java-16-openjdk/lib/server/libjvm.so
7f886d825000-7f886d882000 rw-p 00000000 00:00 0 
7f886d882000-7f886d8a8000 r--p 00000000 08:13 134519                     /usr/lib/libc-2.33.so
7f886d8a8000-7f886d9f3000 r-xp 00026000 08:13 134519                     /usr/lib/libc-2.33.so
7f886d9f3000-7f886da3f000 r--p 00171000 08:13 134519                     /usr/lib/libc-2.33.so
7f886da3f000-7f886da42000 r--p 001bc000 08:13 134519                     /usr/lib/libc-2.33.so
7f886da42000-7f886da45000 rw-p 001bf000 08:13 134519                     /usr/lib/libc-2.33.so
7f886da45000-7f886da4e000 rw-p 00000000 00:00 0 
7f886da4e000-7f886da50000 r--p 00000000 08:13 134526                     /usr/lib/libdl-2.33.so
7f886da50000-7f886da52000 r-xp 00002000 08:13 134526                     /usr/lib/libdl-2.33.so
7f886da52000-7f886da53000 r--p 00004000 08:13 134526                     /usr/lib/libdl-2.33.so
7f886da53000-7f886da54000 r--p 00004000 08:13 134526                     /usr/lib/libdl-2.33.so
7f886da54000-7f886da55000 rw-p 00005000 08:13 134526                     /usr/lib/libdl-2.33.so
7f886da55000-7f886da5c000 r--p 00000000 08:13 134560                     /usr/lib/libpthread-2.33.so
7f886da5c000-7f886da6b000 r-xp 00007000 08:13 134560                     /usr/lib/libpthread-2.33.so
7f886da6b000-7f886da6f000 r--p 00016000 08:13 134560                     /usr/lib/libpthread-2.33.so
7f886da6f000-7f886da70000 ---p 0001a000 08:13 134560                     /usr/lib/libpthread-2.33.so
7f886da70000-7f886da71000 r--p 0001a000 08:13 134560                     /usr/lib/libpthread-2.33.so
7f886da71000-7f886da72000 rw-p 0001b000 08:13 134560                     /usr/lib/libpthread-2.33.so
7f886da72000-7f886da76000 rw-p 00000000 00:00 0 
7f886da76000-7f886da85000 r-xp 00000000 08:13 1182003                    /usr/lib/jvm/java-16-openjdk/lib/libjli.so
7f886da85000-7f886da86000 r--p 0000e000 08:13 1182003                    /usr/lib/jvm/java-16-openjdk/lib/libjli.so
7f886da86000-7f886da87000 rw-p 0000f000 08:13 1182003                    /usr/lib/jvm/java-16-openjdk/lib/libjli.so
7f886da87000-7f886da8a000 r--p 00000000 08:13 144343                     /usr/lib/libz.so.1.2.11
7f886da8a000-7f886da98000 r-xp 00003000 08:13 144343                     /usr/lib/libz.so.1.2.11
7f886da98000-7f886da9e000 r--p 00011000 08:13 144343                     /usr/lib/libz.so.1.2.11
7f886da9e000-7f886da9f000 ---p 00017000 08:13 144343                     /usr/lib/libz.so.1.2.11
7f886da9f000-7f886daa0000 r--p 00017000 08:13 144343                     /usr/lib/libz.so.1.2.11
7f886daa0000-7f886daa1000 rw-p 00018000 08:13 144343                     /usr/lib/libz.so.1.2.11
7f886daa1000-7f886daa3000 rw-p 00000000 00:00 0 
7f886daa4000-7f886daa5000 ---p 00000000 00:00 0 
7f886daa5000-7f886daa6000 r--p 00000000 00:00 0 
7f886daa6000-7f886daa7000 ---p 00000000 00:00 0 
7f886daa7000-7f886dac2000 r-xp 00000000 08:13 1182002                    /usr/lib/jvm/java-16-openjdk/lib/libjimage.so
7f886dac2000-7f886dac3000 ---p 0001b000 08:13 1182002                    /usr/lib/jvm/java-16-openjdk/lib/libjimage.so
7f886dac3000-7f886dac5000 r--p 0001b000 08:13 1182002                    /usr/lib/jvm/java-16-openjdk/lib/libjimage.so
7f886dac5000-7f886dac6000 rw-p 0001d000 08:13 1182002                    /usr/lib/jvm/java-16-openjdk/lib/libjimage.so
7f886dac6000-7f886dac7000 r--p 00000000 08:13 134508                     /usr/lib/ld-2.33.so
7f886dac7000-7f886daeb000 r-xp 00001000 08:13 134508                     /usr/lib/ld-2.33.so
7f886daeb000-7f886daf4000 r--p 00025000 08:13 134508                     /usr/lib/ld-2.33.so
7f886daf4000-7f886daf6000 r--p 0002d000 08:13 134508                     /usr/lib/ld-2.33.so
7f886daf6000-7f886daf8000 rw-p 0002f000 08:13 134508                     /usr/lib/ld-2.33.so
7ffdb6355000-7ffdb6376000 rw-p 00000000 00:00 0                          [stack]
7ffdb6399000-7ffdb639d000 r--p 00000000 00:00 0                          [vvar]
7ffdb639d000-7ffdb639f000 r-xp 00000000 00:00 0                          [vdso]
ffffffffff600000-ffffffffff601000 --xp 00000000 00:00 0                  [vsyscall]


VM Arguments:
jvm_args: --add-modules=ALL-SYSTEM --add-opens=java.base/java.util=ALL-UNNAMED --add-opens=java.base/java.lang=ALL-UNNAMED -Declipse.application=org.eclipse.jdt.ls.core.id1 -Dosgi.bundles.defaultStartLevel=4 -Declipse.product=org.eclipse.jdt.ls.core.product -Dfile.encoding=utf8 -XX:+UseParallelGC -XX:GCTimeRatio=4 -XX:AdaptiveSizePolicyWeight=90 -Dsun.zip.disableMemoryMapping=true -Xmx1G -Xms100m 
java_command: /home/silas/.vscode/extensions/redhat.java-0.80.0/server/plugins/org.eclipse.equinox.launcher_1.6.200.v20210416-2027.jar -configuration /home/silas/.config/Code/User/globalStorage/redhat.java/0.80.0/config_linux -data /home/silas/.config/Code/User/workspaceStorage/c75bcd68149238b151d090ae23dadabb/redhat.java/jdt_ws
java_class_path (initial): /home/silas/.vscode/extensions/redhat.java-0.80.0/server/plugins/org.eclipse.equinox.launcher_1.6.200.v20210416-2027.jar
Launcher Type: SUN_STANDARD

[Global flags]
    uintx AdaptiveSizePolicyWeight                 = 90                                        {product} {command line}
     intx CICompilerCount                          = 3                                         {product} {ergonomic}
    uintx GCTimeRatio                              = 4                                         {product} {command line}
   size_t InitialHeapSize                          = 104857600                                 {product} {command line}
   size_t MaxHeapSize                              = 1073741824                                {product} {command line}
   size_t MaxNewSize                               = 357564416                                 {product} {ergonomic}
   size_t MinHeapDeltaBytes                        = 524288                                    {product} {ergonomic}
   size_t MinHeapSize                              = 104857600                                 {product} {command line}
   size_t NewSize                                  = 34603008                                  {product} {ergonomic}
    uintx NonNMethodCodeHeapSize                   = 5832780                                {pd product} {ergonomic}
    uintx NonProfiledCodeHeapSize                  = 122912730                              {pd product} {ergonomic}
   size_t OldSize                                  = 70254592                                  {product} {ergonomic}
    uintx ProfiledCodeHeapSize                     = 122912730                              {pd product} {ergonomic}
    uintx ReservedCodeCacheSize                    = 251658240                              {pd product} {ergonomic}
     bool SegmentedCodeCache                       = true                                      {product} {ergonomic}
   size_t SoftMaxHeapSize                          = 1073741824                             {manageable} {ergonomic}
     bool UseCompressedClassPointers               = true                           {product lp64_product} {ergonomic}
     bool UseCompressedOops                        = true                           {product lp64_product} {ergonomic}
     bool UseParallelGC                            = true                                      {product} {command line}

Logging:
Log output configuration:
 #0: stdout all=warning uptime,level,tags
 #1: stderr all=off uptime,level,tags

Environment Variables:
PATH=/usr/local/sbin:/usr/local/bin:/usr/bin:/usr/lib/jvm/default/bin:/usr/bin/site_perl:/usr/bin/vendor_perl:/usr/bin/core_perl
SHELL=/usr/bin/zsh
DISPLAY=:0
LANG=en_US.UTF-8

Signal Handlers:
SIGSEGV: [libjvm.so+0xdfef20], sa_mask[0]=11100100010111111101111111111110, sa_flags=SA_RESTART|SA_SIGINFO
SIGBUS: [libjvm.so+0xdfef20], sa_mask[0]=11100100010111111101111111111110, sa_flags=SA_RESTART|SA_SIGINFO
SIGFPE: [libjvm.so+0xdfef20], sa_mask[0]=11100100010111111101111111111110, sa_flags=SA_RESTART|SA_SIGINFO
SIGPIPE: [libjvm.so+0xca8980], sa_mask[0]=11100100010111111101111111111110, sa_flags=SA_RESTART|SA_SIGINFO
SIGXFSZ: [libjvm.so+0xca8980], sa_mask[0]=11100100010111111101111111111110, sa_flags=SA_RESTART|SA_SIGINFO
SIGILL: [libjvm.so+0xdfef20], sa_mask[0]=11100100010111111101111111111110, sa_flags=SA_RESTART|SA_SIGINFO
SIGUSR2: [libjvm.so+0xca8070], sa_mask[0]=00000000000000000000000000000000, sa_flags=SA_RESTART|SA_SIGINFO
SIGHUP: [libjvm.so+0xca7fa0], sa_mask[0]=11100100010111111101111111111110, sa_flags=SA_RESTART|SA_SIGINFO
SIGINT: [libjvm.so+0xca7fa0], sa_mask[0]=11100100010111111101111111111110, sa_flags=SA_RESTART|SA_SIGINFO
SIGTERM: [libjvm.so+0xca7fa0], sa_mask[0]=11100100010111111101111111111110, sa_flags=SA_RESTART|SA_SIGINFO
SIGQUIT: [libjvm.so+0xca7fa0], sa_mask[0]=11100100010111111101111111111110, sa_flags=SA_RESTART|SA_SIGINFO
SIGTRAP: [libjvm.so+0xdfef20], sa_mask[0]=11100100010111111101111111111110, sa_flags=SA_RESTART|SA_SIGINFO


---------------  S Y S T E M  ---------------

OS:
LSB_VERSION=1.4
DISTRIB_ID=Arch
DISTRIB_RELEASE=rolling
DISTRIB_DESCRIPTION="Arch Linux"
uname: Linux 5.12.15-zen1-1-zen #1 ZEN SMP PREEMPT Wed, 07 Jul 2021 23:35:33 +0000 x86_64
OS uptime: 0 days 3:25 hours
libc: glibc 2.33 NPTL 2.33 
rlimit (soft/hard): STACK 8192k/infinity , CORE infinity/infinity , NPROC 95893/95893 , NOFILE 524288/524288 , AS infinity/infinity , CPU infinity/infinity , DATA infinity/infinity , FSIZE infinity/infinity , MEMLOCK 64k/64k
load average: 2.47 1.76 1.53

/proc/meminfo:
MemTotal:       24629992 kB
MemFree:         5373580 kB
MemAvailable:    8845860 kB
Buffers:          287932 kB
Cached:          3195764 kB
SwapCached:        13596 kB
Active:         12052984 kB
Inactive:        6075744 kB
Active(anon):   11316948 kB
Inactive(anon):  3426880 kB
Active(file):     736036 kB
Inactive(file):  2648864 kB
Unevictable:          96 kB
Mlocked:              96 kB
SwapTotal:      12582908 kB
SwapFree:       12471804 kB
Dirty:             16212 kB
Writeback:             0 kB
AnonPages:      14121568 kB
Mapped:          2451424 kB
Shmem:            100976 kB
KReclaimable:     485588 kB
Slab:             638752 kB
SReclaimable:     485588 kB
SUnreclaim:       153164 kB
KernelStack:       19520 kB
PageTables:        74588 kB
NFS_Unstable:          0 kB
Bounce:                0 kB
WritebackTmp:          0 kB
CommitLimit:    24897904 kB
Committed_AS:   19482512 kB
VmallocTotal:   34359738367 kB
VmallocUsed:       79712 kB
VmallocChunk:          0 kB
Percpu:            10624 kB
HardwareCorrupted:     0 kB
AnonHugePages:   9148416 kB
ShmemHugePages:        0 kB
ShmemPmdMapped:        0 kB
FileHugePages:      2048 kB
FilePmdMapped:      2048 kB
CmaTotal:              0 kB
CmaFree:               0 kB
HugePages_Total:       0
HugePages_Free:        0
HugePages_Rsvd:        0
HugePages_Surp:        0
Hugepagesize:       2048 kB
Hugetlb:               0 kB
DirectMap4k:      801508 kB
DirectMap2M:    18020352 kB
DirectMap1G:     7340032 kB

/sys/kernel/mm/transparent_hugepage/enabled: [always] madvise never
/sys/kernel/mm/transparent_hugepage/defrag (defrag/compaction efforts parameter): always defer [defer+madvise] madvise never

Process Memory:
Virtual Size: 4855816K (peak: 4855956K)
Resident Set Size: 917800K (peak: 918524K) (anon: 764848K, file: 152920K, shmem: 32K)
Swapped out: 0K
C-Heap outstanding allocations: 75477K

/proc/sys/kernel/threads-max (system-wide limit on the number of threads): 191786
/proc/sys/vm/max_map_count (maximum number of memory map areas a process may have): 65530
/proc/sys/kernel/pid_max (system-wide limit on number of process identifiers): 4194304

container (cgroup) information:
container_type: cgroupv2
cpu_cpuset_cpus: not supported
cpu_memory_nodes: not supported
active_processor_count: 4
cpu_quota: not supported
cpu_period: not supported
cpu_shares: not supported
memory_limit_in_bytes: unlimited
memory_and_swap_limit_in_bytes: unlimited
memory_soft_limit_in_bytes: unlimited
memory_usage_in_bytes: 12377337856
memory_max_usage_in_bytes: not supported

Steal ticks since vm start: 0
Steal ticks percentage since vm start:  0.000

CPU: total 4 (initial active 4) (4 cores per cpu, 1 threads per core) family 23 model 17 stepping 0 microcode 0x810100b, cx8, cmov, fxsr, mmx, 3dnowpref, sse, sse2, sse3, ssse3, sse4a, sse4.1, sse4.2, popcnt, lzcnt, tsc, tscinvbit, avx, avx2, aes, clmul, bmi1, bmi2, adx, sha, fma, vzeroupper, clflush, clflushopt
CPU Model and flags from /proc/cpuinfo:
model name	: AMD Ryzen 3 2200G with Radeon Vega Graphics
flags		: fpu vme de pse tsc msr pae mce cx8 apic sep mtrr pge mca cmov pat pse36 clflush mmx fxsr sse sse2 ht syscall nx mmxext fxsr_opt pdpe1gb rdtscp lm constant_tsc rep_good nopl nonstop_tsc cpuid extd_apicid aperfmperf pni pclmulqdq monitor ssse3 fma cx16 sse4_1 sse4_2 movbe popcnt aes xsave avx f16c rdrand lahf_lm cmp_legacy svm extapic cr8_legacy abm sse4a misalignsse 3dnowprefetch osvw skinit wdt tce topoext perfctr_core perfctr_nb bpext perfctr_llc mwaitx cpb hw_pstate ssbd ibpb vmmcall fsgsbase bmi1 avx2 smep bmi2 rdseed adx smap clflushopt sha_ni xsaveopt xsavec xgetbv1 xsaves clzero irperf xsaveerptr arat npt lbrv svm_lock nrip_save tsc_scale vmcb_clean flushbyasid decodeassists pausefilter pfthreshold avic v_vmsave_vmload vgif overflow_recov succor smca sme sev sev_es

Online cpus: 0-3
Offline cpus: 4-15
BIOS frequency limitation: 3500000
Frequency switch latency (ns): 0
Available cpu frequencies: 3500000 2300000 1600000 
Current governor: schedutil
Core performance/turbo boost: 1

Memory: 4k page, physical 24629992k(5373076k free), swap 12582908k(12471804k free)

vm_info: OpenJDK 64-Bit Server VM (16.0.1+9-24) for linux-amd64 JRE (16.0.1+9-24), built on Mar 26 2021 18:09:28 by "mach5one" with gcc 10.2.0

END.
